2016-03-15 08:22:08.7533042 +0800 CST Write Department Company success.
2016-03-15 08:22:08.7543042 +0800 CST Write Department PVG T1 LOAD success.
2016-03-15 08:22:08.7543042 +0800 CST Write Department PVG T2 LOAD success.
2016-03-15 08:22:08.7553043 +0800 CST Write Day AllMessage Success.
2016-03-15 08:22:28.6934447 +0800 CST Write Department Company success.
2016-03-15 08:22:28.6934447 +0800 CST Write Department PVG T1 LOAD success.
2016-03-15 08:22:28.6934447 +0800 CST Write Department PVG T2 LOAD success.
2016-03-15 08:22:28.6944447 +0800 CST Write Day AllMessage Success.
2016-03-15 08:34:21.0971918 +0800 CST Write Day AllMessage Success.
2016-03-15 08:42:18.4804966 +0800 CST Write Department Company success.
2016-03-15 08:42:18.4814967 +0800 CST Write Department PVG T1 LOAD success.
2016-03-15 08:42:18.4814967 +0800 CST Write Department PVG T2 LOAD success.
2016-03-15 08:42:18.4814967 +0800 CST Write Day AllMessage Success.
2016-03-15 08:44:45.5199068 +0800 CST Write Department Company success.
2016-03-15 08:44:45.5209068 +0800 CST Write Department PVG T1 LOAD success.
2016-03-15 08:44:45.5209068 +0800 CST Write Department PVG T2 LOAD success.
2016-03-15 08:44:45.5229069 +0800 CST Write Day AllMessage Success.
2016-03-15 08:44:59.1306853 +0800 CST Write Department Company success.
2016-03-15 08:44:59.1306853 +0800 CST Write Department PVG T1 LOAD success.
2016-03-15 08:44:59.1316853 +0800 CST Write Department PVG T2 LOAD success.
2016-03-15 08:44:59.1316853 +0800 CST Write Day AllMessage Success.
2016-03-15 08:46:00.7772112 +0800 CST Write Department Company success.
2016-03-15 08:46:00.7772112 +0800 CST Write Department PVG T1 LOAD success.
2016-03-15 08:46:00.7772112 +0800 CST Write Department PVG T2 LOAD success.
2016-03-15 08:46:00.7782113 +0800 CST Write Day AllMessage Success.
2016-03-15 08:46:42.0665729 +0800 CST Write Department Company success.
2016-03-15 08:46:42.0665729 +0800 CST Write Department PVG T1 LOAD success.
2016-03-15 08:46:42.0665729 +0800 CST Write Department PVG T2 LOAD success.
2016-03-15 08:46:42.0675729 +0800 CST Write Day AllMessage Success.
2016-03-15 08:46:53.7902434 +0800 CST Write Department Company success.
2016-03-15 08:46:53.7902434 +0800 CST Write Department PVG T1 LOAD success.
2016-03-15 08:46:53.7912435 +0800 CST Write Department PVG T2 LOAD success.
2016-03-15 08:46:53.7912435 +0800 CST Write Day AllMessage Success.
2016-03-15 08:47:17.5556027 +0800 CST Write Department Company success.
2016-03-15 08:47:17.5556027 +0800 CST Write Department PVG T1 LOAD success.
2016-03-15 08:47:17.5556027 +0800 CST Write Department PVG T2 LOAD success.
2016-03-15 08:47:17.5566028 +0800 CST Write Day AllMessage Success.
2016-03-15 08:47:48.5393749 +0800 CST Write Department Company success.
2016-03-15 08:47:48.5393749 +0800 CST Write Department PVG T1 LOAD success.
2016-03-15 08:47:48.5403749 +0800 CST Write Department PVG T2 LOAD success.
2016-03-15 08:47:48.5403749 +0800 CST Write Day AllMessage Success.
2016-03-15 08:48:49.7178741 +0800 CST Write Department Company success.
2016-03-15 08:48:49.7178741 +0800 CST Write Department PVG T1 LOAD success.
2016-03-15 08:48:49.7178741 +0800 CST Write Department PVG T2 LOAD success.
2016-03-15 08:48:49.7188742 +0800 CST Write Day AllMessage Success.
2016-03-15 08:49:42.7659083 +0800 CST Write Department Company success.
2016-03-15 08:49:42.7659083 +0800 CST Write Department PVG T1 LOAD success.
2016-03-15 08:49:42.7659083 +0800 CST Write Department PVG T2 LOAD success.
2016-03-15 08:49:42.7669083 +0800 CST Write Day AllMessage Success.
2016-03-15 08:50:42.7803409 +0800 CST Write Department Company success.
2016-03-15 08:50:42.781341 +0800 CST Write Department PVG T1 LOAD success.
2016-03-15 08:50:42.781341 +0800 CST Write Department PVG T2 LOAD success.
2016-03-15 08:50:42.781341 +0800 CST Write Day AllMessage Success.
2016-03-15 08:51:12.6950519 +0800 CST Write Department Company success.
2016-03-15 08:51:12.696052 +0800 CST Write Department PVG T1 LOAD success.
2016-03-15 08:51:12.697052 +0800 CST Write Department PVG T2 LOAD success.
2016-03-15 08:51:12.6980521 +0800 CST Write Day AllMessage Success.
2016-03-15 08:52:12.7154849 +0800 CST Write Department Company success.
2016-03-15 08:52:12.7154849 +0800 CST Write Department PVG T1 LOAD success.
2016-03-15 08:52:12.7154849 +0800 CST Write Department PVG T2 LOAD success.
2016-03-15 08:52:12.716485 +0800 CST Write Day AllMessage Success.
2016-03-15 08:53:12.7309176 +0800 CST Write Department Company success.
2016-03-15 08:53:12.7319176 +0800 CST Write Department PVG T1 LOAD success.
2016-03-15 08:53:12.7319176 +0800 CST Write Department PVG T2 LOAD success.
2016-03-15 08:53:12.7319176 +0800 CST Write Day AllMessage Success.
2016-03-15 08:53:31.5999968 +0800 CST Write Department Company success.
2016-03-15 08:53:31.5999968 +0800 CST Write Department PVG T1 LOAD success.
2016-03-15 08:53:31.5999968 +0800 CST Write Department PVG T2 LOAD success.
2016-03-15 08:53:31.6009969 +0800 CST Write Day AllMessage Success.
2016-03-15 08:54:25.1180579 +0800 CST Write Department Company success.
2016-03-15 08:54:25.1190579 +0800 CST Write Department PVG T1 LOAD success.
2016-03-15 08:54:25.1190579 +0800 CST Write Department PVG T2 LOAD success.
2016-03-15 08:54:25.1190579 +0800 CST Write Day AllMessage Success.
2016-03-15 08:56:01.4665687 +0800 CST Write Department Company success.
2016-03-15 08:56:01.4675688 +0800 CST Write Department PVG T1 LOAD success.
2016-03-15 08:56:01.4675688 +0800 CST Write Department PVG T2 LOAD success.
2016-03-15 08:56:01.4675688 +0800 CST Write Day AllMessage Success.
2016-03-15 08:58:02.0774673 +0800 CST Write Department Company success.
2016-03-15 08:58:02.0774673 +0800 CST Write Department PVG T1 LOAD success.
2016-03-15 08:58:02.0774673 +0800 CST Write Department PVG T2 LOAD success.
2016-03-15 08:58:02.0784673 +0800 CST Write Day AllMessage Success.
2016-03-15 08:59:37.7739408 +0800 CST Write Department Company success.
2016-03-15 08:59:37.7749408 +0800 CST Write Department PVG T1 LOAD success.
2016-03-15 08:59:37.7749408 +0800 CST Write Department PVG T2 LOAD success.
2016-03-15 08:59:37.7749408 +0800 CST Write Day AllMessage Success.
2016-03-15 09:00:32.0500452 +0800 CST Write Department Company success.
2016-03-15 09:00:32.0500452 +0800 CST Write Department PVG T1 LOAD success.
2016-03-15 09:00:32.0500452 +0800 CST Write Department PVG T2 LOAD success.
2016-03-15 09:00:32.0510453 +0800 CST Write Day AllMessage Success.
2016-03-15 09:00:58.726571 +0800 CST Write Department Company success.
2016-03-15 09:00:58.7275711 +0800 CST Write Department PVG T1 LOAD success.
2016-03-15 09:00:58.7275711 +0800 CST Write Department PVG T2 LOAD success.
2016-03-15 09:00:58.7285711 +0800 CST Write Day AllMessage Success.
2016-03-15 09:00:58.7285711 +0800 CST Update lastDay Success.
2016-03-15 09:01:28.4242696 +0800 CST Write Department Company success.
2016-03-15 09:01:28.4242696 +0800 CST Write Department PVG T1 LOAD success.
2016-03-15 09:01:28.4252697 +0800 CST Write Department PVG T2 LOAD success.
2016-03-15 09:01:28.4252697 +0800 CST Write Day AllMessage Success.
2016-03-15 09:01:28.4252697 +0800 CST Update lastDay Success.
2016-03-15 09:05:43.9278836 +0800 CST Write Department Company success.
2016-03-15 09:05:43.9278836 +0800 CST Write Department PVG T1 LOAD success.
2016-03-15 09:05:43.9288836 +0800 CST Write Department PVG T2 LOAD success.
2016-03-15 09:05:43.9298837 +0800 CST Write Day AllMessage Success.
2016-03-15 09:07:14.9090874 +0800 CST Write Department Company success.
2016-03-15 09:07:14.9090874 +0800 CST Write Department PVG T1 LOAD success.
2016-03-15 09:07:14.9100875 +0800 CST Write Department PVG T2 LOAD success.
2016-03-15 09:07:14.9100875 +0800 CST Write Day AllMessage Success.
2016-03-15 09:15:34.9936906 +0800 CST Write Department Company success.
2016-03-15 09:15:34.9936906 +0800 CST Write Department PVG T1 LOAD success.
2016-03-15 09:15:34.9946907 +0800 CST Write Department PVG T2 LOAD success.
2016-03-15 09:15:34.9946907 +0800 CST Write Day AllMessage Success.
2016-03-15 09:24:56.7528214 +0800 CST Write Department Company success.
2016-03-15 09:24:56.7538215 +0800 CST Write Department PVG T1 LOAD success.
2016-03-15 09:24:56.7538215 +0800 CST Write Department PVG T2 LOAD success.
2016-03-15 09:24:56.7538215 +0800 CST Write Day AllMessage Success.
2016-03-15 09:25:25.4024601 +0800 CST Write Department Company success.
2016-03-15 09:25:25.4024601 +0800 CST Write Department PVG T1 LOAD success.
2016-03-15 09:25:25.4024601 +0800 CST Write Department PVG T2 LOAD success.
2016-03-15 09:25:25.4024601 +0800 CST Write Day AllMessage Success.
2016-03-15 09:28:01.3573802 +0800 CST Write Department Company success.
2016-03-15 09:28:01.3573802 +0800 CST Write Department PVG T1 LOAD success.
2016-03-15 09:28:01.3583802 +0800 CST Write Department PVG T2 LOAD success.
2016-03-15 09:28:01.3583802 +0800 CST Write Day AllMessage Success.
2016-03-15 09:30:27.1117169 +0800 CST Write Department Company success.
2016-03-15 09:30:27.1117169 +0800 CST Write Department PVG T1 LOAD success.
2016-03-15 09:30:27.1127169 +0800 CST Write Department PVG T2 LOAD success.
2016-03-15 09:30:27.1127169 +0800 CST Write Day AllMessage Success.
2016-03-15 09:30:27.113717 +0800 CST Update lastDay Success.
2016-03-15 09:33:19.8665979 +0800 CST Write Department Company success.
2016-03-15 09:33:19.8675979 +0800 CST Write Department PVG T1 LOAD success.
2016-03-15 09:33:19.8675979 +0800 CST Write Department PVG T2 LOAD success.
2016-03-15 09:33:19.8675979 +0800 CST Write Day AllMessage Success.
2016-03-15 09:36:21.7810028 +0800 CST Write Department Company success.
2016-03-15 09:36:21.7810028 +0800 CST Write Department PVG T1 LOAD success.
2016-03-15 09:36:21.7820028 +0800 CST Write Department PVG T2 LOAD success.
2016-03-15 09:36:21.7820028 +0800 CST Write Day AllMessage Success.
2016-03-15 09:37:24.0505644 +0800 CST Write Department Company success.
2016-03-15 09:37:24.0515644 +0800 CST Write Department PVG T1 LOAD success.
2016-03-15 09:37:24.0515644 +0800 CST Write Department PVG T2 LOAD success.
2016-03-15 09:37:24.0515644 +0800 CST Write Day AllMessage Success.
2016-03-15 09:40:43.3479635 +0800 CST Write Department Company success.
2016-03-15 09:40:43.3479635 +0800 CST Write Department PVG T1 LOAD success.
2016-03-15 09:40:43.3479635 +0800 CST Write Department PVG T2 LOAD success.
2016-03-15 09:40:43.3489636 +0800 CST Write Day AllMessage Success.
2016-03-15 09:41:03.0830923 +0800 CST Write Department Company success.
2016-03-15 09:41:03.0830923 +0800 CST Write Department PVG T1 LOAD success.
2016-03-15 09:41:03.0830923 +0800 CST Write Department PVG T2 LOAD success.
2016-03-15 09:41:03.0840924 +0800 CST Write Day AllMessage Success.
2016-03-15 09:41:23.0422339 +0800 CST Write Department Company success.
2016-03-15 09:41:23.043234 +0800 CST Write Department PVG T1 LOAD success.
2016-03-15 09:41:23.043234 +0800 CST Write Department PVG T2 LOAD success.
2016-03-15 09:41:23.0452341 +0800 CST Write Day AllMessage Success.
2016-03-15 09:42:09.1948737 +0800 CST Write Department Company success.
2016-03-15 09:42:09.1958738 +0800 CST Write Department PVG T1 LOAD success.
2016-03-15 09:42:09.1968738 +0800 CST Write Department PVG T2 LOAD success.
2016-03-15 09:42:09.1968738 +0800 CST Write Day AllMessage Success.
2016-03-15 09:42:09.1968738 +0800 CST Update lastDay Success.
2016-03-15 09:43:09.2123065 +0800 CST Write Department Company success.
2016-03-15 09:43:09.2123065 +0800 CST Write Department PVG T1 LOAD success.
2016-03-15 09:43:09.2123065 +0800 CST Write Department PVG T2 LOAD success.
2016-03-15 09:43:09.2133066 +0800 CST Write Day AllMessage Success.
2016-03-15 09:44:09.2337395 +0800 CST Write Department Company success.
2016-03-15 09:44:09.2337395 +0800 CST Write Department PVG T1 LOAD success.
2016-03-15 09:44:09.2347396 +0800 CST Write Department PVG T2 LOAD success.
2016-03-15 09:44:09.2347396 +0800 CST Write Day AllMessage Success.
2016-03-15 09:45:09.262173 +0800 CST Write Department Company success.
2016-03-15 09:45:09.262173 +0800 CST Write Department PVG T1 LOAD success.
2016-03-15 09:45:09.263173 +0800 CST Write Department PVG T2 LOAD success.
2016-03-15 09:45:09.263173 +0800 CST Write Day AllMessage Success.
2016-03-15 09:46:09.283606 +0800 CST Write Department Company success.
2016-03-15 09:46:09.2846061 +0800 CST Write Department PVG T1 LOAD success.
2016-03-15 09:46:09.2846061 +0800 CST Write Department PVG T2 LOAD success.
2016-03-15 09:46:09.2846061 +0800 CST Write Day AllMessage Success.
2016-03-15 09:47:09.3010388 +0800 CST Write Department Company success.
2016-03-15 09:47:09.3020389 +0800 CST Write Department PVG T1 LOAD success.
2016-03-15 09:47:09.3020389 +0800 CST Write Department PVG T2 LOAD success.
2016-03-15 09:47:09.3020389 +0800 CST Write Day AllMessage Success.
2016-03-15 09:47:22.5647974 +0800 CST Write Department Company success.
2016-03-15 09:47:22.5647974 +0800 CST Write Department PVG T1 LOAD success.
2016-03-15 09:47:22.5647974 +0800 CST Write Department PVG T2 LOAD success.
2016-03-15 09:47:22.5657975 +0800 CST Write Day AllMessage Success.
2016-03-15 09:48:05.5742574 +0800 CST Write Department Company success.
2016-03-15 09:48:05.5742574 +0800 CST Write Department PVG T1 LOAD success.
2016-03-15 09:48:05.5752575 +0800 CST Write Department PVG T2 LOAD success.
2016-03-15 09:48:05.5762576 +0800 CST Write Day AllMessage Success.
2016-03-15 09:48:05.5762576 +0800 CST Update lastDay Success.
2016-03-15 09:48:46.6206052 +0800 CST Write Department Company success.
2016-03-15 09:48:46.6216052 +0800 CST Write Department PVG T1 LOAD success.
2016-03-15 09:48:46.6216052 +0800 CST Write Department PVG T2 LOAD success.
2016-03-15 09:48:46.6226053 +0800 CST Write Day AllMessage Success.
2016-03-15 09:48:46.6236053 +0800 CST Update lastDay Success.
2016-03-15 09:49:46.656039 +0800 CST Write Department Company success.
2016-03-15 09:49:46.656039 +0800 CST Write Department PVG T1 LOAD success.
2016-03-15 09:49:46.6570391 +0800 CST Write Department PVG T2 LOAD success.
2016-03-15 09:49:46.6580391 +0800 CST Write Day AllMessage Success.
2016-03-15 09:50:46.6804722 +0800 CST Write Department Company success.
2016-03-15 09:50:46.6814723 +0800 CST Write Department PVG T1 LOAD success.
2016-03-15 09:50:46.6814723 +0800 CST Write Department PVG T2 LOAD success.
2016-03-15 09:50:46.6814723 +0800 CST Write Day AllMessage Success.
2016-03-15 09:51:46.6969049 +0800 CST Write Department Company success.
2016-03-15 09:51:46.6969049 +0800 CST Write Department PVG T1 LOAD success.
2016-03-15 09:51:46.697905 +0800 CST Write Department PVG T2 LOAD success.
2016-03-15 09:51:46.697905 +0800 CST Write Day AllMessage Success.
2016-03-15 09:53:50.4609838 +0800 CST Write Department Company success.
2016-03-15 09:53:50.4619839 +0800 CST Write Department PVG T1 LOAD success.
2016-03-15 09:53:50.4619839 +0800 CST Write Department PVG T2 LOAD success.
2016-03-15 09:53:50.463984 +0800 CST Write Day AllMessage Success.
2016-03-15 09:54:50.4894173 +0800 CST Write Department Company success.
2016-03-15 09:54:50.4904173 +0800 CST Write Department PVG T1 LOAD success.
2016-03-15 09:54:50.4904173 +0800 CST Write Department PVG T2 LOAD success.
2016-03-15 09:54:50.4914174 +0800 CST Write Day AllMessage Success.
2016-03-15 09:55:50.5128504 +0800 CST Write Department Company success.
2016-03-15 09:55:50.5128504 +0800 CST Write Department PVG T1 LOAD success.
2016-03-15 09:55:50.5128504 +0800 CST Write Department PVG T2 LOAD success.
2016-03-15 09:55:50.5138505 +0800 CST Write Day AllMessage Success.
2016-03-15 09:56:50.5412838 +0800 CST Write Department Company success.
2016-03-15 09:56:50.5412838 +0800 CST Write Department PVG T1 LOAD success.
2016-03-15 09:56:50.5422839 +0800 CST Write Department PVG T2 LOAD success.
2016-03-15 09:56:50.5422839 +0800 CST Write Day AllMessage Success.
2016-03-15 09:57:50.565717 +0800 CST Write Department Company success.
2016-03-15 09:57:50.5667171 +0800 CST Write Department PVG T1 LOAD success.
2016-03-15 09:57:50.5667171 +0800 CST Write Department PVG T2 LOAD success.
2016-03-15 09:57:50.5677172 +0800 CST Write Day AllMessage Success.
2016-03-15 09:58:50.5961506 +0800 CST Write Department Company success.
2016-03-15 09:58:50.5961506 +0800 CST Write Department PVG T1 LOAD success.
2016-03-15 09:58:50.5961506 +0800 CST Write Department PVG T2 LOAD success.
2016-03-15 09:58:50.5971506 +0800 CST Write Day AllMessage Success.
2016-03-15 09:59:50.6145834 +0800 CST Write Department Company success.
2016-03-15 09:59:50.6155835 +0800 CST Write Department PVG T1 LOAD success.
2016-03-15 09:59:50.6165836 +0800 CST Write Department PVG T2 LOAD success.
2016-03-15 09:59:50.6165836 +0800 CST Write Day AllMessage Success.
2016-03-15 10:00:50.6330163 +0800 CST Write Department Company success.
2016-03-15 10:00:50.6340164 +0800 CST Write Department PVG T1 LOAD success.
2016-03-15 10:00:50.6340164 +0800 CST Write Department PVG T2 LOAD success.
2016-03-15 10:00:50.6350164 +0800 CST Write Day AllMessage Success.
2016-03-15 10:01:50.6514492 +0800 CST Write Department Company success.
2016-03-15 10:01:50.6524492 +0800 CST Write Department PVG T1 LOAD success.
2016-03-15 10:01:50.6524492 +0800 CST Write Department PVG T2 LOAD success.
2016-03-15 10:01:50.6534493 +0800 CST Write Day AllMessage Success.
2016-03-15 10:02:50.6678819 +0800 CST Write Department Company success.
2016-03-15 10:02:50.6678819 +0800 CST Write Department PVG T1 LOAD success.
2016-03-15 10:02:50.6678819 +0800 CST Write Department PVG T2 LOAD success.
2016-03-15 10:02:50.668882 +0800 CST Write Day AllMessage Success.
2016-03-15 10:03:50.6873148 +0800 CST Write Department Company success.
2016-03-15 10:03:50.6873148 +0800 CST Write Department PVG T1 LOAD success.
2016-03-15 10:03:50.6883149 +0800 CST Write Department PVG T2 LOAD success.
2016-03-15 10:03:50.6883149 +0800 CST Write Day AllMessage Success.
2016-03-15 10:04:50.7147482 +0800 CST Write Department Company success.
2016-03-15 10:04:50.7157483 +0800 CST Write Department PVG T1 LOAD success.
2016-03-15 10:04:50.7157483 +0800 CST Write Department PVG T2 LOAD success.
2016-03-15 10:04:50.7157483 +0800 CST Write Day AllMessage Success.
2016-03-15 10:05:50.7411815 +0800 CST Write Department Company success.
2016-03-15 10:05:50.7411815 +0800 CST Write Department PVG T1 LOAD success.
2016-03-15 10:05:50.7411815 +0800 CST Write Department PVG T2 LOAD success.
2016-03-15 10:05:50.7421816 +0800 CST Write Day AllMessage Success.
2016-03-15 10:06:50.7636146 +0800 CST Write Department Company success.
2016-03-15 10:06:50.7646147 +0800 CST Write Department PVG T1 LOAD success.
2016-03-15 10:06:50.7646147 +0800 CST Write Department PVG T2 LOAD success.
2016-03-15 10:06:50.7646147 +0800 CST Write Day AllMessage Success.
2016-03-15 10:07:50.7830475 +0800 CST Write Department Company success.
2016-03-15 10:07:50.7840476 +0800 CST Write Department PVG T1 LOAD success.
2016-03-15 10:07:50.7840476 +0800 CST Write Department PVG T2 LOAD success.
2016-03-15 10:07:50.7850476 +0800 CST Write Day AllMessage Success.
2016-03-15 10:08:50.8004803 +0800 CST Write Department Company success.
2016-03-15 10:08:50.8004803 +0800 CST Write Department PVG T1 LOAD success.
2016-03-15 10:08:50.8014804 +0800 CST Write Department PVG T2 LOAD success.
2016-03-15 10:08:50.8014804 +0800 CST Write Day AllMessage Success.
2016-03-15 10:09:50.8189132 +0800 CST Write Department Company success.
2016-03-15 10:09:50.8189132 +0800 CST Write Department PVG T1 LOAD success.
2016-03-15 10:09:50.8199132 +0800 CST Write Department PVG T2 LOAD success.
2016-03-15 10:09:50.8199132 +0800 CST Write Day AllMessage Success.
2016-03-15 10:10:50.8393461 +0800 CST Write Department Company success.
2016-03-15 10:10:50.8393461 +0800 CST Write Department PVG T1 LOAD success.
2016-03-15 10:10:50.8403462 +0800 CST Write Department PVG T2 LOAD success.
2016-03-15 10:10:50.8403462 +0800 CST Write Day AllMessage Success.
2016-03-15 10:11:50.8587791 +0800 CST Write Department Company success.
2016-03-15 10:11:50.8597791 +0800 CST Write Department PVG T1 LOAD success.
2016-03-15 10:11:50.8597791 +0800 CST Write Department PVG T2 LOAD success.
2016-03-15 10:11:50.8607792 +0800 CST Write Day AllMessage Success.
2016-03-15 10:12:50.879212 +0800 CST Write Department Company success.
2016-03-15 10:12:50.879212 +0800 CST Write Department PVG T1 LOAD success.
2016-03-15 10:12:50.8802121 +0800 CST Write Department PVG T2 LOAD success.
2016-03-15 10:12:50.8812121 +0800 CST Write Day AllMessage Success.
2016-03-15 10:13:50.9026452 +0800 CST Write Department Company success.
2016-03-15 10:13:50.9036452 +0800 CST Write Department PVG T1 LOAD success.
2016-03-15 10:13:50.9036452 +0800 CST Write Department PVG T2 LOAD success.
2016-03-15 10:13:50.9046453 +0800 CST Write Day AllMessage Success.
2016-03-15 10:14:50.9240782 +0800 CST Write Department Company success.
2016-03-15 10:14:50.9240782 +0800 CST Write Department PVG T1 LOAD success.
2016-03-15 10:14:50.9240782 +0800 CST Write Department PVG T2 LOAD success.
2016-03-15 10:14:50.9250783 +0800 CST Write Day AllMessage Success.
2016-03-15 10:15:50.9615121 +0800 CST Write Department Company success.
2016-03-15 10:15:50.9625122 +0800 CST Write Department PVG T1 LOAD success.
2016-03-15 10:15:50.9625122 +0800 CST Write Department PVG T2 LOAD success.
2016-03-15 10:15:50.9625122 +0800 CST Write Day AllMessage Success.
2016-03-15 10:16:50.9839452 +0800 CST Write Department Company success.
2016-03-15 10:16:50.9839452 +0800 CST Write Department PVG T1 LOAD success.
2016-03-15 10:16:50.9839452 +0800 CST Write Department PVG T2 LOAD success.
2016-03-15 10:16:50.9849453 +0800 CST Write Day AllMessage Success.
2016-03-15 10:17:51.0083784 +0800 CST Write Department Company success.
2016-03-15 10:17:51.0083784 +0800 CST Write Department PVG T1 LOAD success.
2016-03-15 10:17:51.0093785 +0800 CST Write Department PVG T2 LOAD success.
2016-03-15 10:17:51.0093785 +0800 CST Write Day AllMessage Success.
2016-03-15 10:18:51.0238111 +0800 CST Write Department Company success.
2016-03-15 10:18:51.0248112 +0800 CST Write Department PVG T1 LOAD success.
2016-03-15 10:18:51.0248112 +0800 CST Write Department PVG T2 LOAD success.
2016-03-15 10:18:51.0248112 +0800 CST Write Day AllMessage Success.
2016-03-15 10:19:51.0612451 +0800 CST Write Department Company success.
2016-03-15 10:19:51.0612451 +0800 CST Write Department PVG T1 LOAD success.
2016-03-15 10:19:51.0622451 +0800 CST Write Department PVG T2 LOAD success.
2016-03-15 10:19:51.0622451 +0800 CST Write Day AllMessage Success.
2016-03-15 10:20:51.0886784 +0800 CST Write Department Company success.
2016-03-15 10:20:51.0886784 +0800 CST Write Department PVG T1 LOAD success.
2016-03-15 10:20:51.0886784 +0800 CST Write Department PVG T2 LOAD success.
2016-03-15 10:20:51.0896785 +0800 CST Write Day AllMessage Success.
2016-03-15 10:21:51.1311127 +0800 CST Write Department Company success.
2016-03-15 10:21:51.1311127 +0800 CST Write Department PVG T1 LOAD success.
2016-03-15 10:21:51.1321127 +0800 CST Write Department PVG T2 LOAD success.
2016-03-15 10:21:51.1321127 +0800 CST Write Day AllMessage Success.
2016-03-15 10:22:51.1545458 +0800 CST Write Department Company success.
2016-03-15 10:22:51.1545458 +0800 CST Write Department PVG T1 LOAD success.
2016-03-15 10:22:51.1555459 +0800 CST Write Department PVG T2 LOAD success.
2016-03-15 10:22:51.1555459 +0800 CST Write Day AllMessage Success.
2016-03-15 10:23:51.1729787 +0800 CST Write Department Company success.
2016-03-15 10:23:51.1739787 +0800 CST Write Department PVG T1 LOAD success.
2016-03-15 10:23:51.1739787 +0800 CST Write Department PVG T2 LOAD success.
2016-03-15 10:23:51.1739787 +0800 CST Write Day AllMessage Success.
2016-03-15 10:24:51.1904115 +0800 CST Write Department Company success.
2016-03-15 10:24:51.1904115 +0800 CST Write Department PVG T1 LOAD success.
2016-03-15 10:24:51.1914115 +0800 CST Write Department PVG T2 LOAD success.
2016-03-15 10:24:51.1914115 +0800 CST Write Day AllMessage Success.
2016-03-15 10:25:51.2178448 +0800 CST Write Department Company success.
2016-03-15 10:25:51.2188449 +0800 CST Write Department PVG T1 LOAD success.
2016-03-15 10:25:51.2188449 +0800 CST Write Department PVG T2 LOAD success.
2016-03-15 10:25:51.219845 +0800 CST Write Day AllMessage Success.
2016-03-15 10:26:51.2452782 +0800 CST Write Department Company success.
2016-03-15 10:26:51.2452782 +0800 CST Write Department PVG T1 LOAD success.
2016-03-15 10:26:51.2452782 +0800 CST Write Department PVG T2 LOAD success.
2016-03-15 10:26:51.2462783 +0800 CST Write Day AllMessage Success.
2016-03-15 10:27:51.280712 +0800 CST Write Department Company success.
2016-03-15 10:27:51.280712 +0800 CST Write Department PVG T1 LOAD success.
2016-03-15 10:27:51.280712 +0800 CST Write Department PVG T2 LOAD success.
2016-03-15 10:27:51.2817121 +0800 CST Write Day AllMessage Success.
2016-03-15 10:28:51.3111456 +0800 CST Write Department Company success.
2016-03-15 10:28:51.3111456 +0800 CST Write Department PVG T1 LOAD success.
2016-03-15 10:28:51.3121457 +0800 CST Write Department PVG T2 LOAD success.
2016-03-15 10:28:51.3131457 +0800 CST Write Day AllMessage Success.
2016-03-15 10:29:51.3295785 +0800 CST Write Department Company success.
2016-03-15 10:29:51.3305785 +0800 CST Write Department PVG T1 LOAD success.
2016-03-15 10:29:51.3305785 +0800 CST Write Department PVG T2 LOAD success.
2016-03-15 10:29:51.3305785 +0800 CST Write Day AllMessage Success.
2016-03-15 10:30:51.3500114 +0800 CST Write Department Company success.
2016-03-15 10:30:51.3500114 +0800 CST Write Department PVG T1 LOAD success.
2016-03-15 10:30:51.3510115 +0800 CST Write Department PVG T2 LOAD success.
2016-03-15 10:30:51.3520115 +0800 CST Write Day AllMessage Success.
2016-03-15 10:31:51.3694443 +0800 CST Write Department Company success.
2016-03-15 10:31:51.3704444 +0800 CST Write Department PVG T1 LOAD success.
2016-03-15 10:31:51.3704444 +0800 CST Write Department PVG T2 LOAD success.
2016-03-15 10:31:51.3714445 +0800 CST Write Day AllMessage Success.
2016-03-15 10:32:51.3948776 +0800 CST Write Department Company success.
2016-03-15 10:32:51.3948776 +0800 CST Write Department PVG T1 LOAD success.
2016-03-15 10:32:51.3948776 +0800 CST Write Department PVG T2 LOAD success.
2016-03-15 10:32:51.3958777 +0800 CST Write Day AllMessage Success.
2016-03-15 10:33:51.4213109 +0800 CST Write Department Company success.
2016-03-15 10:33:51.4213109 +0800 CST Write Department PVG T1 LOAD success.
2016-03-15 10:33:51.422311 +0800 CST Write Department PVG T2 LOAD success.
2016-03-15 10:33:51.422311 +0800 CST Write Day AllMessage Success.
2016-03-15 10:34:51.4427439 +0800 CST Write Department Company success.
2016-03-15 10:34:51.443744 +0800 CST Write Department PVG T1 LOAD success.
2016-03-15 10:34:51.443744 +0800 CST Write Department PVG T2 LOAD success.
2016-03-15 10:34:51.4447441 +0800 CST Write Day AllMessage Success.
2016-03-15 10:35:51.4631769 +0800 CST Write Department Company success.
2016-03-15 10:35:51.464177 +0800 CST Write Department PVG T1 LOAD success.
2016-03-15 10:35:51.464177 +0800 CST Write Department PVG T2 LOAD success.
2016-03-15 10:35:51.464177 +0800 CST Write Day AllMessage Success.
2016-03-15 10:36:51.4846099 +0800 CST Write Department Company success.
2016-03-15 10:36:51.4846099 +0800 CST Write Department PVG T1 LOAD success.
2016-03-15 10:36:51.4846099 +0800 CST Write Department PVG T2 LOAD success.
2016-03-15 10:36:51.48561 +0800 CST Write Day AllMessage Success.
2016-03-15 10:37:51.5140434 +0800 CST Write Department Company success.
2016-03-15 10:37:51.5150435 +0800 CST Write Department PVG T1 LOAD success.
2016-03-15 10:37:51.5150435 +0800 CST Write Department PVG T2 LOAD success.
2016-03-15 10:37:51.5160435 +0800 CST Write Day AllMessage Success.
2016-03-15 10:38:51.5404767 +0800 CST Write Department Company success.
2016-03-15 10:38:51.5414768 +0800 CST Write Department PVG T1 LOAD success.
2016-03-15 10:38:51.5414768 +0800 CST Write Department PVG T2 LOAD success.
2016-03-15 10:38:51.5414768 +0800 CST Write Day AllMessage Success.
2016-03-15 10:39:51.5609097 +0800 CST Write Department Company success.
2016-03-15 10:39:51.5619098 +0800 CST Write Department PVG T1 LOAD success.
2016-03-15 10:39:51.5629098 +0800 CST Write Department PVG T2 LOAD success.
2016-03-15 10:39:51.5629098 +0800 CST Write Day AllMessage Success.
2016-03-15 10:40:51.586343 +0800 CST Write Department Company success.
2016-03-15 10:40:51.587343 +0800 CST Write Department PVG T1 LOAD success.
2016-03-15 10:40:51.587343 +0800 CST Write Department PVG T2 LOAD success.
2016-03-15 10:40:51.5883431 +0800 CST Write Day AllMessage Success.
2016-03-15 10:41:51.6027757 +0800 CST Write Department Company success.
2016-03-15 10:41:51.6037758 +0800 CST Write Department PVG T1 LOAD success.
2016-03-15 10:41:51.6037758 +0800 CST Write Department PVG T2 LOAD success.
2016-03-15 10:41:51.6037758 +0800 CST Write Day AllMessage Success.
2016-03-15 10:42:51.6302091 +0800 CST Write Department Company success.
2016-03-15 10:42:51.6312092 +0800 CST Write Department PVG T1 LOAD success.
2016-03-15 10:42:51.6312092 +0800 CST Write Department PVG T2 LOAD success.
2016-03-15 10:42:51.6322092 +0800 CST Write Day AllMessage Success.
2016-03-15 10:43:51.6566424 +0800 CST Write Department Company success.
2016-03-15 10:43:51.6576425 +0800 CST Write Department PVG T1 LOAD success.
2016-03-15 10:43:51.6576425 +0800 CST Write Department PVG T2 LOAD success.
2016-03-15 10:43:51.6586425 +0800 CST Write Day AllMessage Success.
2016-03-15 10:44:51.6780754 +0800 CST Write Department Company success.
2016-03-15 10:44:51.6780754 +0800 CST Write Department PVG T1 LOAD success.
2016-03-15 10:44:51.6790755 +0800 CST Write Department PVG T2 LOAD success.
2016-03-15 10:44:51.6790755 +0800 CST Write Day AllMessage Success.
2016-03-15 10:45:51.6945082 +0800 CST Write Department Company success.
2016-03-15 10:45:51.6955082 +0800 CST Write Department PVG T1 LOAD success.
2016-03-15 10:45:51.6955082 +0800 CST Write Department PVG T2 LOAD success.
2016-03-15 10:45:51.6955082 +0800 CST Write Day AllMessage Success.
2016-03-15 10:46:51.7229416 +0800 CST Write Department Company success.
2016-03-15 10:46:51.7239417 +0800 CST Write Department PVG T1 LOAD success.
2016-03-15 10:46:51.7239417 +0800 CST Write Department PVG T2 LOAD success.
2016-03-15 10:46:51.7239417 +0800 CST Write Day AllMessage Success.
2016-03-15 10:47:51.751375 +0800 CST Write Department Company success.
2016-03-15 10:47:51.7523751 +0800 CST Write Department PVG T1 LOAD success.
2016-03-15 10:47:51.7523751 +0800 CST Write Department PVG T2 LOAD success.
2016-03-15 10:47:51.7533752 +0800 CST Write Day AllMessage Success.
2016-03-15 10:48:51.7818086 +0800 CST Write Department Company success.
2016-03-15 10:48:51.7818086 +0800 CST Write Department PVG T1 LOAD success.
2016-03-15 10:48:51.7828086 +0800 CST Write Department PVG T2 LOAD success.
2016-03-15 10:48:51.7838087 +0800 CST Write Day AllMessage Success.
2016-03-15 10:49:51.810242 +0800 CST Write Department Company success.
2016-03-15 10:49:51.810242 +0800 CST Write Department PVG T1 LOAD success.
2016-03-15 10:49:51.8112421 +0800 CST Write Department PVG T2 LOAD success.
2016-03-15 10:49:51.8122421 +0800 CST Write Day AllMessage Success.
2016-03-15 10:50:51.8276748 +0800 CST Write Department Company success.
2016-03-15 10:50:51.8276748 +0800 CST Write Department PVG T1 LOAD success.
2016-03-15 10:50:51.8276748 +0800 CST Write Department PVG T2 LOAD success.
2016-03-15 10:50:51.8286749 +0800 CST Write Day AllMessage Success.
2016-03-15 10:51:51.8501079 +0800 CST Write Department Company success.
2016-03-15 10:51:51.851108 +0800 CST Write Department PVG T1 LOAD success.
2016-03-15 10:51:51.852108 +0800 CST Write Department PVG T2 LOAD success.
2016-03-15 10:51:51.852108 +0800 CST Write Day AllMessage Success.
2016-03-15 10:52:51.8675407 +0800 CST Write Department Company success.
2016-03-15 10:52:51.8685408 +0800 CST Write Department PVG T1 LOAD success.
2016-03-15 10:52:51.8685408 +0800 CST Write Department PVG T2 LOAD success.
2016-03-15 10:52:51.8695408 +0800 CST Write Day AllMessage Success.
2016-03-15 10:53:51.8919739 +0800 CST Write Department Company success.
2016-03-15 10:53:51.892974 +0800 CST Write Department PVG T1 LOAD success.
2016-03-15 10:53:51.892974 +0800 CST Write Department PVG T2 LOAD success.
2016-03-15 10:53:51.893974 +0800 CST Write Day AllMessage Success.
2016-03-15 10:54:51.9094067 +0800 CST Write Department Company success.
2016-03-15 10:54:51.9104068 +0800 CST Write Department PVG T1 LOAD success.
2016-03-15 10:54:51.9104068 +0800 CST Write Department PVG T2 LOAD success.
2016-03-15 10:54:51.9114068 +0800 CST Write Day AllMessage Success.
2016-03-15 10:55:51.93484 +0800 CST Write Department Company success.
2016-03-15 10:55:51.93584 +0800 CST Write Department PVG T1 LOAD success.
2016-03-15 10:55:51.9368401 +0800 CST Write Department PVG T2 LOAD success.
2016-03-15 10:55:51.9368401 +0800 CST Write Day AllMessage Success.
2016-03-15 10:56:51.9522728 +0800 CST Write Department Company success.
2016-03-15 10:56:51.9522728 +0800 CST Write Department PVG T1 LOAD success.
2016-03-15 10:56:51.9522728 +0800 CST Write Department PVG T2 LOAD success.
2016-03-15 10:56:51.9532728 +0800 CST Write Day AllMessage Success.
2016-03-15 10:57:51.9697056 +0800 CST Write Department Company success.
2016-03-15 10:57:51.9697056 +0800 CST Write Department PVG T1 LOAD success.
2016-03-15 10:57:51.9707056 +0800 CST Write Department PVG T2 LOAD success.
2016-03-15 10:57:51.9707056 +0800 CST Write Day AllMessage Success.
2016-03-15 10:58:51.9931387 +0800 CST Write Department Company success.
2016-03-15 10:58:51.9941388 +0800 CST Write Department PVG T1 LOAD success.
2016-03-15 10:58:51.9941388 +0800 CST Write Department PVG T2 LOAD success.
2016-03-15 10:58:51.9941388 +0800 CST Write Day AllMessage Success.
2016-03-15 10:59:52.0205721 +0800 CST Write Department Company success.
2016-03-15 10:59:52.0205721 +0800 CST Write Department PVG T1 LOAD success.
2016-03-15 10:59:52.0215721 +0800 CST Write Department PVG T2 LOAD success.
2016-03-15 10:59:52.0215721 +0800 CST Write Day AllMessage Success.
2016-03-15 11:00:52.0370048 +0800 CST Write Department Company success.
2016-03-15 11:00:52.0370048 +0800 CST Write Department PVG T1 LOAD success.
2016-03-15 11:00:52.0380049 +0800 CST Write Department PVG T2 LOAD success.
2016-03-15 11:00:52.0380049 +0800 CST Write Day AllMessage Success.
2016-03-15 11:01:52.0554377 +0800 CST Write Department Company success.
2016-03-15 11:01:52.0564377 +0800 CST Write Department PVG T1 LOAD success.
2016-03-15 11:01:52.0564377 +0800 CST Write Department PVG T2 LOAD success.
2016-03-15 11:01:52.0574378 +0800 CST Write Day AllMessage Success.
2016-03-15 11:02:52.0848712 +0800 CST Write Department Company success.
2016-03-15 11:02:52.0858712 +0800 CST Write Department PVG T1 LOAD success.
2016-03-15 11:02:52.0868713 +0800 CST Write Department PVG T2 LOAD success.
2016-03-15 11:02:52.0868713 +0800 CST Write Day AllMessage Success.
2016-03-15 11:03:52.1053041 +0800 CST Write Department Company success.
2016-03-15 11:03:52.1053041 +0800 CST Write Department PVG T1 LOAD success.
2016-03-15 11:03:52.1063042 +0800 CST Write Department PVG T2 LOAD success.
2016-03-15 11:03:52.1063042 +0800 CST Write Day AllMessage Success.
2016-03-15 11:04:52.1297373 +0800 CST Write Department Company success.
2016-03-15 11:04:52.1307374 +0800 CST Write Department PVG T1 LOAD success.
2016-03-15 11:04:52.1307374 +0800 CST Write Department PVG T2 LOAD success.
2016-03-15 11:04:52.1317375 +0800 CST Write Day AllMessage Success.
2016-03-15 11:05:52.1491703 +0800 CST Write Department Company success.
2016-03-15 11:05:52.1501703 +0800 CST Write Department PVG T1 LOAD success.
2016-03-15 11:05:52.1501703 +0800 CST Write Department PVG T2 LOAD success.
2016-03-15 11:05:52.1511704 +0800 CST Write Day AllMessage Success.
2016-03-15 11:06:52.1806039 +0800 CST Write Department Company success.
2016-03-15 11:06:52.1816039 +0800 CST Write Department PVG T1 LOAD success.
2016-03-15 11:06:52.182604 +0800 CST Write Department PVG T2 LOAD success.
2016-03-15 11:06:52.182604 +0800 CST Write Day AllMessage Success.
2016-03-15 11:07:52.2020369 +0800 CST Write Department Company success.
2016-03-15 11:07:52.2020369 +0800 CST Write Department PVG T1 LOAD success.
2016-03-15 11:07:52.203037 +0800 CST Write Department PVG T2 LOAD success.
2016-03-15 11:07:52.203037 +0800 CST Write Day AllMessage Success.
2016-03-15 11:08:52.2214698 +0800 CST Write Department Company success.
2016-03-15 11:08:52.2224699 +0800 CST Write Department PVG T1 LOAD success.
2016-03-15 11:08:52.2224699 +0800 CST Write Department PVG T2 LOAD success.
2016-03-15 11:08:52.2234699 +0800 CST Write Day AllMessage Success.
2016-03-15 11:09:52.2479031 +0800 CST Write Department Company success.
2016-03-15 11:09:52.2489032 +0800 CST Write Department PVG T1 LOAD success.
2016-03-15 11:09:52.2489032 +0800 CST Write Department PVG T2 LOAD success.
2016-03-15 11:09:52.2489032 +0800 CST Write Day AllMessage Success.
2016-03-15 11:10:52.267336 +0800 CST Write Department Company success.
2016-03-15 11:10:52.2683361 +0800 CST Write Department PVG T1 LOAD success.
2016-03-15 11:10:52.2683361 +0800 CST Write Department PVG T2 LOAD success.
2016-03-15 11:10:52.2683361 +0800 CST Write Day AllMessage Success.
2016-03-15 11:11:52.3237711 +0800 CST Write Department Company success.
2016-03-15 11:11:52.3237711 +0800 CST Write Department PVG T1 LOAD success.
2016-03-15 11:11:52.3247711 +0800 CST Write Department PVG T2 LOAD success.
2016-03-15 11:11:52.3247711 +0800 CST Write Day AllMessage Success.
2016-03-15 11:12:52.3502044 +0800 CST Write Department Company success.
2016-03-15 11:12:52.3512044 +0800 CST Write Department PVG T1 LOAD success.
2016-03-15 11:12:52.3512044 +0800 CST Write Department PVG T2 LOAD success.
2016-03-15 11:12:52.3522045 +0800 CST Write Day AllMessage Success.
2016-03-15 11:13:52.3776378 +0800 CST Write Department Company success.
2016-03-15 11:13:52.3786378 +0800 CST Write Department PVG T1 LOAD success.
2016-03-15 11:13:52.3786378 +0800 CST Write Department PVG T2 LOAD success.
2016-03-15 11:13:52.3786378 +0800 CST Write Day AllMessage Success.
2016-03-15 11:14:52.4060712 +0800 CST Write Department Company success.
2016-03-15 11:14:52.4060712 +0800 CST Write Department PVG T1 LOAD success.
2016-03-15 11:14:52.4070712 +0800 CST Write Department PVG T2 LOAD success.
2016-03-15 11:14:52.4070712 +0800 CST Write Day AllMessage Success.
2016-03-15 11:15:52.4335046 +0800 CST Write Department Company success.
2016-03-15 11:15:52.4345046 +0800 CST Write Department PVG T1 LOAD success.
2016-03-15 11:15:52.4345046 +0800 CST Write Department PVG T2 LOAD success.
2016-03-15 11:15:52.4345046 +0800 CST Write Day AllMessage Success.
2016-03-15 11:16:52.4729386 +0800 CST Write Department Company success.
2016-03-15 11:16:52.4739387 +0800 CST Write Department PVG T1 LOAD success.
2016-03-15 11:16:52.4739387 +0800 CST Write Department PVG T2 LOAD success.
2016-03-15 11:16:52.4739387 +0800 CST Write Day AllMessage Success.
2016-03-15 11:17:52.4903714 +0800 CST Write Department Company success.
2016-03-15 11:17:52.4913715 +0800 CST Write Department PVG T1 LOAD success.
2016-03-15 11:17:52.4913715 +0800 CST Write Department PVG T2 LOAD success.
2016-03-15 11:17:52.4913715 +0800 CST Write Day AllMessage Success.
2016-03-15 11:18:52.5088043 +0800 CST Write Department Company success.
2016-03-15 11:18:52.5098043 +0800 CST Write Department PVG T1 LOAD success.
2016-03-15 11:18:52.5098043 +0800 CST Write Department PVG T2 LOAD success.
2016-03-15 11:18:52.5098043 +0800 CST Write Day AllMessage Success.
2016-03-15 11:19:52.5312374 +0800 CST Write Department Company success.
2016-03-15 11:19:52.5312374 +0800 CST Write Department PVG T1 LOAD success.
2016-03-15 11:19:52.5312374 +0800 CST Write Department PVG T2 LOAD success.
2016-03-15 11:19:52.5322374 +0800 CST Write Day AllMessage Success.
2016-03-15 11:20:52.5556706 +0800 CST Write Department Company success.
2016-03-15 11:20:52.5556706 +0800 CST Write Department PVG T1 LOAD success.
2016-03-15 11:20:52.5556706 +0800 CST Write Department PVG T2 LOAD success.
2016-03-15 11:20:52.5566706 +0800 CST Write Day AllMessage Success.
2016-03-15 11:21:52.5981048 +0800 CST Write Department Company success.
2016-03-15 11:21:52.5991049 +0800 CST Write Department PVG T1 LOAD success.
2016-03-15 11:21:52.5991049 +0800 CST Write Department PVG T2 LOAD success.
2016-03-15 11:21:52.6001049 +0800 CST Write Day AllMessage Success.
2016-03-15 11:22:52.622538 +0800 CST Write Department Company success.
2016-03-15 11:22:52.6235381 +0800 CST Write Department PVG T1 LOAD success.
2016-03-15 11:22:52.6235381 +0800 CST Write Department PVG T2 LOAD success.
2016-03-15 11:22:52.6235381 +0800 CST Write Day AllMessage Success.
2016-03-15 11:23:52.6399708 +0800 CST Write Department Company success.
2016-03-15 11:23:52.6399708 +0800 CST Write Department PVG T1 LOAD success.
2016-03-15 11:23:52.6409709 +0800 CST Write Department PVG T2 LOAD success.
2016-03-15 11:23:52.6409709 +0800 CST Write Day AllMessage Success.
2016-03-15 11:24:52.6694043 +0800 CST Write Department Company success.
2016-03-15 11:24:52.6694043 +0800 CST Write Department PVG T1 LOAD success.
2016-03-15 11:24:52.6704043 +0800 CST Write Department PVG T2 LOAD success.
2016-03-15 11:24:52.6704043 +0800 CST Write Day AllMessage Success.
2016-03-15 11:25:52.6888372 +0800 CST Write Department Company success.
2016-03-15 11:25:52.6888372 +0800 CST Write Department PVG T1 LOAD success.
2016-03-15 11:25:52.6898373 +0800 CST Write Department PVG T2 LOAD success.
2016-03-15 11:25:52.6898373 +0800 CST Write Day AllMessage Success.
2016-03-15 11:26:52.7132704 +0800 CST Write Department Company success.
2016-03-15 11:26:52.7132704 +0800 CST Write Department PVG T1 LOAD success.
2016-03-15 11:26:52.7142705 +0800 CST Write Department PVG T2 LOAD success.
2016-03-15 11:26:52.7152705 +0800 CST Write Day AllMessage Success.
2016-03-15 11:27:52.7377036 +0800 CST Write Department Company success.
2016-03-15 11:27:52.7377036 +0800 CST Write Department PVG T1 LOAD success.
2016-03-15 11:27:52.7387037 +0800 CST Write Department PVG T2 LOAD success.
2016-03-15 11:27:52.7387037 +0800 CST Write Day AllMessage Success.
2016-03-15 11:28:52.7851381 +0800 CST Write Department Company success.
2016-03-15 11:28:52.7851381 +0800 CST Write Department PVG T1 LOAD success.
2016-03-15 11:28:52.7851381 +0800 CST Write Department PVG T2 LOAD success.
2016-03-15 11:28:52.7861382 +0800 CST Write Day AllMessage Success.
2016-03-15 11:29:52.8025709 +0800 CST Write Department Company success.
2016-03-15 11:29:52.8025709 +0800 CST Write Department PVG T1 LOAD success.
2016-03-15 11:29:52.8025709 +0800 CST Write Department PVG T2 LOAD success.
2016-03-15 11:29:52.803571 +0800 CST Write Day AllMessage Success.
2016-03-15 11:30:52.8290042 +0800 CST Write Department Company success.
2016-03-15 11:30:52.8290042 +0800 CST Write Department PVG T1 LOAD success.
2016-03-15 11:30:52.8300043 +0800 CST Write Department PVG T2 LOAD success.
2016-03-15 11:30:52.8300043 +0800 CST Write Day AllMessage Success.
2016-03-15 11:31:52.846437 +0800 CST Write Department Company success.
2016-03-15 11:31:52.846437 +0800 CST Write Department PVG T1 LOAD success.
2016-03-15 11:31:52.846437 +0800 CST Write Department PVG T2 LOAD success.
2016-03-15 11:31:52.8474371 +0800 CST Write Day AllMessage Success.
2016-03-15 11:32:52.8728704 +0800 CST Write Department Company success.
2016-03-15 11:32:52.8738704 +0800 CST Write Department PVG T1 LOAD success.
2016-03-15 11:32:52.8738704 +0800 CST Write Department PVG T2 LOAD success.
2016-03-15 11:32:52.8738704 +0800 CST Write Day AllMessage Success.
2016-03-15 12:56:17.5681226 +0800 CST Write Department Company success.
2016-03-15 12:56:17.5681226 +0800 CST Write Department PVG T1 LOAD success.
2016-03-15 12:56:17.5681226 +0800 CST Write Department PVG T2 LOAD success.
2016-03-15 12:56:17.5691226 +0800 CST Write Day AllMessage Success.
2016-03-15 12:58:06.8113709 +0800 CST Write Department Company success.
2016-03-15 12:58:06.812371 +0800 CST Write Department PVG T1 LOAD success.
2016-03-15 12:58:06.812371 +0800 CST Write Department PVG T2 LOAD success.
2016-03-15 12:58:06.8143711 +0800 CST Write Day AllMessage Success.
2016-03-15 12:59:06.8298038 +0800 CST Write Department test success.
2016-03-15 12:59:06.8298038 +0800 CST Write Department PVG T1 LOAD success.
2016-03-15 12:59:06.8308038 +0800 CST Write Department PVG T2 LOAD success.
2016-03-15 12:59:06.8318039 +0800 CST Write Day AllMessage Success.
2016-03-15 12:59:06.8318039 +0800 CST Update lastDay Success.
2016-03-15 13:00:06.8472366 +0800 CST Write Department test success.
2016-03-15 13:00:06.8482366 +0800 CST Write Department PVG T1 LOAD success.
2016-03-15 13:00:06.8482366 +0800 CST Write Department PVG T2 LOAD success.
2016-03-15 13:00:06.8492367 +0800 CST Write Day AllMessage Success.
2016-03-15 13:01:06.8646694 +0800 CST Write Department test success.
2016-03-15 13:01:06.8646694 +0800 CST Write Department PVG T1 LOAD success.
2016-03-15 13:01:06.8646694 +0800 CST Write Department PVG T2 LOAD success.
2016-03-15 13:01:06.8656694 +0800 CST Write Day AllMessage Success.
2016-03-15 13:02:06.8811021 +0800 CST Write Department test success.
2016-03-15 13:02:06.8811021 +0800 CST Write Department PVG T1 LOAD success.
2016-03-15 13:02:06.8811021 +0800 CST Write Department PVG T2 LOAD success.
2016-03-15 13:02:06.8821022 +0800 CST Write Day AllMessage Success.
2016-03-15 13:03:06.8965348 +0800 CST Write Department test success.
2016-03-15 13:03:06.8975349 +0800 CST Write Department PVG T1 LOAD success.
2016-03-15 13:03:06.8975349 +0800 CST Write Department PVG T2 LOAD success.
2016-03-15 13:03:06.8985349 +0800 CST Write Day AllMessage Success.
2016-03-15 13:04:06.9149677 +0800 CST Write Department test success.
2016-03-15 13:04:06.9149677 +0800 CST Write Department PVG T1 LOAD success.
2016-03-15 13:04:06.9149677 +0800 CST Write Department PVG T2 LOAD success.
2016-03-15 13:04:06.9159677 +0800 CST Write Day AllMessage Success.
2016-03-15 13:05:49.4698335 +0800 CST Write Department Company success.
2016-03-15 13:05:49.4698335 +0800 CST Write Department PVG T1 LOAD success.
2016-03-15 13:05:49.4698335 +0800 CST Write Department PVG T2 LOAD success.
2016-03-15 13:05:49.4698335 +0800 CST Write Department test success.
2016-03-15 13:05:49.4708335 +0800 CST Write Day AllMessage Success.
2016-03-15 13:07:28.3934916 +0800 CST Write Department Company success.
2016-03-15 13:07:28.3944916 +0800 CST Write Department PVG T1 LOAD success.
2016-03-15 13:07:28.3944916 +0800 CST Write Department PVG T2 LOAD success.
2016-03-15 13:07:28.3954917 +0800 CST Write Department test success.
2016-03-15 13:07:28.3954917 +0800 CST Write Day AllMessage Success.
2016-03-15 13:08:28.4149246 +0800 CST Write Department Company success.
2016-03-15 13:08:28.4149246 +0800 CST Write Department PVG T1 LOAD success.
2016-03-15 13:08:28.4159247 +0800 CST Write Department PVG T2 LOAD success.
2016-03-15 13:08:28.4159247 +0800 CST Write Department test success.
2016-03-15 13:08:28.4159247 +0800 CST Write Day AllMessage Success.
2016-03-15 13:09:28.4333575 +0800 CST Write Department Company success.
2016-03-15 13:09:28.4333575 +0800 CST Write Department PVG T1 LOAD success.
2016-03-15 13:09:28.4343575 +0800 CST Write Department PVG T2 LOAD success.
2016-03-15 13:09:28.4343575 +0800 CST Write Department test success.
2016-03-15 13:09:28.4343575 +0800 CST Write Day AllMessage Success.
2016-03-15 13:10:28.4757917 +0800 CST Write Department Company success.
2016-03-15 13:10:28.4767917 +0800 CST Write Department PVG T1 LOAD success.
2016-03-15 13:10:28.4767917 +0800 CST Write Department PVG T2 LOAD success.
2016-03-15 13:10:28.4767917 +0800 CST Write Department test success.
2016-03-15 13:10:28.4777918 +0800 CST Write Day AllMessage Success.
2016-03-15 13:28:26.3974453 +0800 CST Write Department Company success.
2016-03-15 13:28:26.3984453 +0800 CST Write Department PVG T1 LOAD success.
2016-03-15 13:28:26.3984453 +0800 CST Write Department PVG T2 LOAD success.
2016-03-15 13:28:26.3984453 +0800 CST Write Department test success.
2016-03-15 13:28:26.3994454 +0800 CST Write Day AllMessage Success.
2016-03-15 13:29:26.4148781 +0800 CST Write Department Company success.
2016-03-15 13:29:26.4148781 +0800 CST Write Department PVG T1 LOAD success.
2016-03-15 13:29:26.4148781 +0800 CST Write Department PVG T2 LOAD success.
2016-03-15 13:29:26.4158781 +0800 CST Write Department test success.
2016-03-15 13:29:26.4158781 +0800 CST Write Day AllMessage Success.
2016-03-15 13:30:26.4313108 +0800 CST Write Department Company success.
2016-03-15 13:30:26.4323109 +0800 CST Write Department PVG T1 LOAD success.
2016-03-15 13:30:26.4323109 +0800 CST Write Department PVG T2 LOAD success.
2016-03-15 13:30:26.4323109 +0800 CST Write Department test success.
2016-03-15 13:30:26.4333109 +0800 CST Write Day AllMessage Success.
2016-03-15 13:31:26.4617444 +0800 CST Write Department Company success.
2016-03-15 13:31:26.4617444 +0800 CST Write Department PVG T1 LOAD success.
2016-03-15 13:31:26.4627444 +0800 CST Write Department PVG T2 LOAD success.
2016-03-15 13:31:26.4627444 +0800 CST Write Department test success.
2016-03-15 13:31:26.4627444 +0800 CST Write Day AllMessage Success.
2016-03-15 13:32:26.4791772 +0800 CST Write Department Company success.
2016-03-15 13:32:26.4791772 +0800 CST Write Department PVG T1 LOAD success.
2016-03-15 13:32:26.4791772 +0800 CST Write Department PVG T2 LOAD success.
2016-03-15 13:32:26.4791772 +0800 CST Write Department test success.
2016-03-15 13:32:26.4801772 +0800 CST Write Day AllMessage Success.
2016-03-15 13:33:26.4986101 +0800 CST Write Department Company success.
2016-03-15 13:33:26.4986101 +0800 CST Write Department PVG T1 LOAD success.
2016-03-15 13:33:26.4986101 +0800 CST Write Department PVG T2 LOAD success.
2016-03-15 13:33:26.4996101 +0800 CST Write Department test success.
2016-03-15 13:33:26.4996101 +0800 CST Write Day AllMessage Success.
2016-03-15 13:34:26.5230433 +0800 CST Write Department Company success.
2016-03-15 13:34:26.5240433 +0800 CST Write Department PVG T1 LOAD success.
2016-03-15 13:34:26.5240433 +0800 CST Write Department PVG T2 LOAD success.
2016-03-15 13:34:26.5240433 +0800 CST Write Department test success.
2016-03-15 13:34:26.5250434 +0800 CST Write Day AllMessage Success.
2016-03-15 13:35:26.5414761 +0800 CST Write Department Company success.
2016-03-15 13:35:26.5424762 +0800 CST Write Department PVG T1 LOAD success.
2016-03-15 13:35:26.5424762 +0800 CST Write Department PVG T2 LOAD success.
2016-03-15 13:35:26.5424762 +0800 CST Write Department test success.
2016-03-15 13:35:26.5434763 +0800 CST Write Day AllMessage Success.
2016-03-15 13:36:26.5589089 +0800 CST Write Department Company success.
2016-03-15 13:36:26.5589089 +0800 CST Write Department PVG T1 LOAD success.
2016-03-15 13:36:26.559909 +0800 CST Write Department PVG T2 LOAD success.
2016-03-15 13:36:26.559909 +0800 CST Write Department test success.
2016-03-15 13:36:26.559909 +0800 CST Write Day AllMessage Success.
2016-03-15 13:37:26.5773418 +0800 CST Write Department Company success.
2016-03-15 13:37:26.5773418 +0800 CST Write Department PVG T1 LOAD success.
2016-03-15 13:37:26.5783419 +0800 CST Write Department PVG T2 LOAD success.
2016-03-15 13:37:26.5783419 +0800 CST Write Department test success.
2016-03-15 13:37:26.5783419 +0800 CST Write Day AllMessage Success.
2016-03-15 13:57:08.8789656 +0800 CST Write Department Company success.
2016-03-15 13:57:08.8799656 +0800 CST Write Department PVG T1 LOAD success.
2016-03-15 13:57:08.8799656 +0800 CST Write Department PVG T2 LOAD success.
2016-03-15 13:57:08.8799656 +0800 CST Write Department test success.
2016-03-15 13:57:08.8809657 +0800 CST Write Day AllMessage Success.
2016-03-15 14:00:27.2343109 +0800 CST Write Department Company success.
2016-03-15 14:00:27.2343109 +0800 CST Write Department PVG T1 LOAD success.
2016-03-15 14:00:27.2343109 +0800 CST Write Department PVG T2 LOAD success.
2016-03-15 14:00:27.2353109 +0800 CST Write Department test success.
2016-03-15 14:00:27.2353109 +0800 CST Write Day AllMessage Success.
2016-03-15 14:02:36.6747144 +0800 CST Write Department Company success.
2016-03-15 14:02:36.6747144 +0800 CST Write Department PVG T1 LOAD success.
2016-03-15 14:02:36.6747144 +0800 CST Write Department PVG T2 LOAD success.
2016-03-15 14:02:36.6757145 +0800 CST Write Department test success.
2016-03-15 14:02:36.6757145 +0800 CST Write Day AllMessage Success.
2016-03-15 14:03:36.7161486 +0800 CST Write Department Company success.
2016-03-15 14:03:36.7161486 +0800 CST Write Department PVG T1 LOAD success.
2016-03-15 14:03:36.7171487 +0800 CST Write Department PVG T2 LOAD success.
2016-03-15 14:03:36.7171487 +0800 CST Write Department test success.
2016-03-15 14:03:36.7171487 +0800 CST Write Day AllMessage Success.
2016-03-15 14:04:36.7505824 +0800 CST Write Department Company success.
2016-03-15 14:04:36.7505824 +0800 CST Write Department PVG T1 LOAD success.
2016-03-15 14:04:36.7515824 +0800 CST Write Department PVG T2 LOAD success.
2016-03-15 14:04:36.7515824 +0800 CST Write Department test success.
2016-03-15 14:04:36.7515824 +0800 CST Write Day AllMessage Success.
2016-03-15 14:07:37.8569411 +0800 CST Write Department Company success.
2016-03-15 14:07:37.8569411 +0800 CST Write Department PVG T1 LOAD success.
2016-03-15 14:07:37.8579411 +0800 CST Write Department PVG T2 LOAD success.
2016-03-15 14:07:37.8579411 +0800 CST Write Department test success.
2016-03-15 14:07:37.8579411 +0800 CST Write Day AllMessage Success.
2016-03-15 14:08:37.894375 +0800 CST Write Department Company success.
2016-03-15 14:08:37.894375 +0800 CST Write Department PVG T1 LOAD success.
2016-03-15 14:08:37.894375 +0800 CST Write Department PVG T2 LOAD success.
2016-03-15 14:08:37.8953751 +0800 CST Write Department test success.
2016-03-15 14:08:37.8953751 +0800 CST Write Day AllMessage Success.
2016-03-15 14:09:37.9248086 +0800 CST Write Department Company success.
2016-03-15 14:09:37.9258086 +0800 CST Write Department PVG T1 LOAD success.
2016-03-15 14:09:37.9258086 +0800 CST Write Department PVG T2 LOAD success.
2016-03-15 14:09:37.9258086 +0800 CST Write Department test success.
2016-03-15 14:09:37.9268087 +0800 CST Write Day AllMessage Success.
2016-03-15 14:10:37.9612424 +0800 CST Write Department test2 success.
2016-03-15 14:10:37.9612424 +0800 CST Write Department PVG T1 LOAD success.
2016-03-15 14:10:37.9622425 +0800 CST Write Department PVG T2 LOAD success.
2016-03-15 14:10:37.9622425 +0800 CST Write Department test success.
2016-03-15 14:10:37.9622425 +0800 CST Write Day AllMessage Success.
2016-03-15 14:11:37.9966763 +0800 CST Write Department test2 success.
2016-03-15 14:11:37.9976763 +0800 CST Write Department PVG T1 LOAD success.
2016-03-15 14:11:37.9976763 +0800 CST Write Department PVG T2 LOAD success.
2016-03-15 14:11:37.9976763 +0800 CST Write Department test success.
2016-03-15 14:11:37.9986764 +0800 CST Write Day AllMessage Success.
2016-03-15 14:12:38.082113 +0800 CST Write Department test2 success.
2016-03-15 14:12:38.083113 +0800 CST Write Department PVG T1 LOAD success.
2016-03-15 14:12:38.083113 +0800 CST Write Department PVG T2 LOAD success.
2016-03-15 14:12:38.083113 +0800 CST Write Department test success.
2016-03-15 14:12:38.0841131 +0800 CST Write Day AllMessage Success.
2016-03-15 14:13:38.1345478 +0800 CST Write Department test2 success.
2016-03-15 14:13:38.1345478 +0800 CST Write Department PVG T1 LOAD success.
2016-03-15 14:13:38.1345478 +0800 CST Write Department PVG T2 LOAD success.
2016-03-15 14:13:38.1345478 +0800 CST Write Department test success.
2016-03-15 14:13:38.1355478 +0800 CST Write Day AllMessage Success.
2016-03-15 14:14:38.1699816 +0800 CST Write Department test2 success.
2016-03-15 14:14:38.1709817 +0800 CST Write Department PVG T1 LOAD success.
2016-03-15 14:14:38.1709817 +0800 CST Write Department PVG T2 LOAD success.
2016-03-15 14:14:38.1709817 +0800 CST Write Department test success.
2016-03-15 14:14:38.1719817 +0800 CST Write Day AllMessage Success.
2016-03-15 14:15:38.2114158 +0800 CST Write Department test2 success.
2016-03-15 14:15:38.2114158 +0800 CST Write Department PVG T1 LOAD success.
2016-03-15 14:15:38.2124158 +0800 CST Write Department PVG T2 LOAD success.
2016-03-15 14:15:38.2124158 +0800 CST Write Department test success.
2016-03-15 14:15:38.2134159 +0800 CST Write Day AllMessage Success.
2016-03-15 14:16:38.2468496 +0800 CST Write Department test2 success.
2016-03-15 14:16:38.2478497 +0800 CST Write Department PVG T1 LOAD success.
2016-03-15 14:16:38.2478497 +0800 CST Write Department PVG T2 LOAD success.
2016-03-15 14:16:38.2478497 +0800 CST Write Department test success.
2016-03-15 14:16:38.2488497 +0800 CST Write Day AllMessage Success.
2016-03-15 14:17:38.2832835 +0800 CST Write Department test2 success.
2016-03-15 14:17:38.2842835 +0800 CST Write Department PVG T1 LOAD success.
2016-03-15 14:17:38.2842835 +0800 CST Write Department PVG T2 LOAD success.
2016-03-15 14:17:38.2842835 +0800 CST Write Department test success.
2016-03-15 14:17:38.2852836 +0800 CST Write Day AllMessage Success.
2016-03-15 14:18:38.3227175 +0800 CST Write Department test2 success.
2016-03-15 14:18:38.3227175 +0800 CST Write Department PVG T1 LOAD success.
2016-03-15 14:18:38.3237176 +0800 CST Write Department PVG T2 LOAD success.
2016-03-15 14:18:38.3237176 +0800 CST Write Department test success.
2016-03-15 14:18:38.3237176 +0800 CST Write Day AllMessage Success.
2016-03-15 14:19:38.3611516 +0800 CST Write Department test2 success.
2016-03-15 14:19:38.3621516 +0800 CST Write Department PVG T1 LOAD success.
2016-03-15 14:19:38.3621516 +0800 CST Write Department PVG T2 LOAD success.
2016-03-15 14:19:38.3621516 +0800 CST Write Department test success.
2016-03-15 14:19:38.3631517 +0800 CST Write Day AllMessage Success.
2016-03-15 14:20:38.4015857 +0800 CST Write Department test2 success.
2016-03-15 14:20:38.4025857 +0800 CST Write Department PVG T1 LOAD success.
2016-03-15 14:20:38.4025857 +0800 CST Write Department PVG T2 LOAD success.
2016-03-15 14:20:38.4025857 +0800 CST Write Department test success.
2016-03-15 14:20:38.4035858 +0800 CST Write Day AllMessage Success.
2016-03-15 14:21:38.4430198 +0800 CST Write Department test2 success.
2016-03-15 14:21:38.4440199 +0800 CST Write Department PVG T1 LOAD success.
2016-03-15 14:21:38.4440199 +0800 CST Write Department PVG T2 LOAD success.
2016-03-15 14:21:38.44502 +0800 CST Write Department test success.
2016-03-15 14:21:38.44502 +0800 CST Write Day AllMessage Success.
2016-03-15 14:22:38.4804538 +0800 CST Write Department test2 success.
2016-03-15 14:22:38.4804538 +0800 CST Write Department PVG T1 LOAD success.
2016-03-15 14:22:38.4814538 +0800 CST Write Department PVG T2 LOAD success.
2016-03-15 14:22:38.4814538 +0800 CST Write Department test success.
2016-03-15 14:22:38.4814538 +0800 CST Write Day AllMessage Success.
2016-03-15 14:23:38.5168877 +0800 CST Write Department test2 success.
2016-03-15 14:23:38.5168877 +0800 CST Write Department PVG T1 LOAD success.
2016-03-15 14:23:38.5168877 +0800 CST Write Department PVG T2 LOAD success.
2016-03-15 14:23:38.5178877 +0800 CST Write Department test success.
2016-03-15 14:23:38.5178877 +0800 CST Write Day AllMessage Success.
2016-03-15 14:24:38.5563217 +0800 CST Write Department test2 success.
2016-03-15 14:24:38.5563217 +0800 CST Write Department PVG T1 LOAD success.
2016-03-15 14:24:38.5573218 +0800 CST Write Department PVG T2 LOAD success.
2016-03-15 14:24:38.5573218 +0800 CST Write Department test success.
2016-03-15 14:24:38.5583218 +0800 CST Write Day AllMessage Success.
2016-03-15 14:25:38.5937557 +0800 CST Write Department test2 success.
2016-03-15 14:25:38.5937557 +0800 CST Write Department PVG T1 LOAD success.
2016-03-15 14:25:38.5947557 +0800 CST Write Department PVG T2 LOAD success.
2016-03-15 14:25:38.5947557 +0800 CST Write Department test success.
2016-03-15 14:25:38.5947557 +0800 CST Write Day AllMessage Success.
2016-03-15 14:26:38.6311896 +0800 CST Write Department test2 success.
2016-03-15 14:26:38.6311896 +0800 CST Write Department PVG T1 LOAD success.
2016-03-15 14:26:38.6321897 +0800 CST Write Department PVG T2 LOAD success.
2016-03-15 14:26:38.6321897 +0800 CST Write Department test success.
2016-03-15 14:26:38.6321897 +0800 CST Write Day AllMessage Success.
2016-03-15 14:27:38.6746239 +0800 CST Write Department test2 success.
2016-03-15 14:27:38.6746239 +0800 CST Write Department PVG T1 LOAD success.
2016-03-15 14:27:38.6746239 +0800 CST Write Department PVG T2 LOAD success.
2016-03-15 14:27:38.675624 +0800 CST Write Department test success.
2016-03-15 14:27:38.675624 +0800 CST Write Day AllMessage Success.
2016-03-15 14:28:38.7110578 +0800 CST Write Department test2 success.
2016-03-15 14:28:38.7110578 +0800 CST Write Department PVG T1 LOAD success.
2016-03-15 14:28:38.7120579 +0800 CST Write Department PVG T2 LOAD success.
2016-03-15 14:28:38.7120579 +0800 CST Write Department test success.
2016-03-15 14:28:38.7130579 +0800 CST Write Day AllMessage Success.
2016-03-15 14:29:38.7484917 +0800 CST Write Department test2 success.
2016-03-15 14:29:38.7494918 +0800 CST Write Department PVG T1 LOAD success.
2016-03-15 14:29:38.7494918 +0800 CST Write Department PVG T2 LOAD success.
2016-03-15 14:29:38.7494918 +0800 CST Write Department test success.
2016-03-15 14:29:38.7504919 +0800 CST Write Day AllMessage Success.
2016-03-15 14:30:38.7849256 +0800 CST Write Department test2 success.
2016-03-15 14:30:38.7859257 +0800 CST Write Department PVG T1 LOAD success.
2016-03-15 14:30:38.7859257 +0800 CST Write Department PVG T2 LOAD success.
2016-03-15 14:30:38.7859257 +0800 CST Write Department test success.
2016-03-15 14:30:38.7869257 +0800 CST Write Day AllMessage Success.
2016-03-15 14:31:38.8243597 +0800 CST Write Department test2 success.
2016-03-15 14:31:38.8243597 +0800 CST Write Department PVG T1 LOAD success.
2016-03-15 14:31:38.8253597 +0800 CST Write Department PVG T2 LOAD success.
2016-03-15 14:31:38.8253597 +0800 CST Write Department test success.
2016-03-15 14:31:38.8253597 +0800 CST Write Day AllMessage Success.
2016-03-15 14:32:38.8627937 +0800 CST Write Department test2 success.
2016-03-15 14:32:38.8637937 +0800 CST Write Department PVG T1 LOAD success.
2016-03-15 14:32:38.8637937 +0800 CST Write Department PVG T2 LOAD success.
2016-03-15 14:32:38.8637937 +0800 CST Write Department test success.
2016-03-15 14:32:38.8647938 +0800 CST Write Day AllMessage Success.
2016-03-15 14:33:38.8992276 +0800 CST Write Department test2 success.
2016-03-15 14:33:38.9002276 +0800 CST Write Department PVG T1 LOAD success.
2016-03-15 14:33:38.9002276 +0800 CST Write Department PVG T2 LOAD success.
2016-03-15 14:33:38.9002276 +0800 CST Write Department test success.
2016-03-15 14:33:38.9012277 +0800 CST Write Day AllMessage Success.
2016-03-15 14:34:38.9376616 +0800 CST Write Department test2 success.
2016-03-15 14:34:38.9376616 +0800 CST Write Department PVG T1 LOAD success.
2016-03-15 14:34:38.9376616 +0800 CST Write Department PVG T2 LOAD success.
2016-03-15 14:34:38.9386616 +0800 CST Write Department test success.
2016-03-15 14:34:38.9386616 +0800 CST Write Day AllMessage Success.
2016-03-15 14:35:38.9740955 +0800 CST Write Department test2 success.
2016-03-15 14:35:38.9750955 +0800 CST Write Department PVG T1 LOAD success.
2016-03-15 14:35:38.9780957 +0800 CST Write Department PVG T2 LOAD success.
2016-03-15 14:35:38.9780957 +0800 CST Write Department test success.
2016-03-15 14:35:38.9780957 +0800 CST Write Day AllMessage Success.
2016-03-15 14:36:39.0135295 +0800 CST Write Department test2 success.
2016-03-15 14:36:39.0135295 +0800 CST Write Department PVG T1 LOAD success.
2016-03-15 14:36:39.0145296 +0800 CST Write Department PVG T2 LOAD success.
2016-03-15 14:36:39.0145296 +0800 CST Write Department test success.
2016-03-15 14:36:39.0145296 +0800 CST Write Day AllMessage Success.
2016-03-15 14:37:39.0519635 +0800 CST Write Department test2 success.
2016-03-15 14:37:39.0529636 +0800 CST Write Department PVG T1 LOAD success.
2016-03-15 14:37:39.0529636 +0800 CST Write Department PVG T2 LOAD success.
2016-03-15 14:37:39.0529636 +0800 CST Write Department test success.
2016-03-15 14:37:39.0539636 +0800 CST Write Day AllMessage Success.
2016-03-15 16:44:10.50817 +0800 CST Write Department Company success.
2016-03-15 16:44:10.50817 +0800 CST Write Department PVG T1 LOAD success.
2016-03-15 16:44:10.50817 +0800 CST Write Department PVG T2 LOAD success.
2016-03-15 16:44:10.50917 +0800 CST Write Department test success.
2016-03-15 16:44:10.50917 +0800 CST Write Department test2 success.
2016-03-15 16:44:10.50917 +0800 CST Write Day AllMessage Success.
2016-03-15 16:45:10.5386035 +0800 CST Write Department Company success.
2016-03-15 16:45:10.5386035 +0800 CST Write Department PVG T1 LOAD success.
2016-03-15 16:45:10.5396036 +0800 CST Write Department PVG T2 LOAD success.
2016-03-15 16:45:10.5396036 +0800 CST Write Department test success.
2016-03-15 16:45:10.5396036 +0800 CST Write Department test2 success.
2016-03-15 16:45:10.5406036 +0800 CST Write Day AllMessage Success.
2016-03-15 16:46:10.5730373 +0800 CST Write Department Company success.
2016-03-15 16:46:10.5740374 +0800 CST Write Department PVG T1 LOAD success.
2016-03-15 16:46:10.5740374 +0800 CST Write Department PVG T2 LOAD success.
2016-03-15 16:46:10.5740374 +0800 CST Write Department test success.
2016-03-15 16:46:10.5750374 +0800 CST Write Department test2 success.
2016-03-15 16:46:10.5750374 +0800 CST Write Day AllMessage Success.
2016-03-15 16:47:10.6034709 +0800 CST Write Department Company success.
2016-03-15 16:47:10.6034709 +0800 CST Write Department PVG T1 LOAD success.
2016-03-15 16:47:10.6044709 +0800 CST Write Department PVG T2 LOAD success.
2016-03-15 16:47:10.6044709 +0800 CST Write Department test success.
2016-03-15 16:47:10.6044709 +0800 CST Write Department test2 success.
2016-03-15 16:47:10.605471 +0800 CST Write Day AllMessage Success.
2016-03-15 16:48:10.6479052 +0800 CST Write Department Company success.
2016-03-15 16:48:10.6479052 +0800 CST Write Department PVG T1 LOAD success.
2016-03-15 16:48:10.6479052 +0800 CST Write Department PVG T2 LOAD success.
2016-03-15 16:48:10.6489053 +0800 CST Write Department test success.
2016-03-15 16:48:10.6489053 +0800 CST Write Department test2 success.
2016-03-15 16:48:10.6499053 +0800 CST Write Day AllMessage Success.
2016-03-15 16:49:06.1030771 +0800 CST Write Department Company success.
2016-03-15 16:49:06.1040771 +0800 CST Write Department PVG T1 LOAD success.
2016-03-15 16:49:06.1040771 +0800 CST Write Department PVG T2 LOAD success.
2016-03-15 16:49:06.1040771 +0800 CST Write Department test success.
2016-03-15 16:49:06.1050772 +0800 CST Write Department test2 success.
2016-03-15 16:49:06.1050772 +0800 CST Write Day AllMessage Success.
2016-03-15 16:50:06.175513 +0800 CST Write Department Company success.
2016-03-15 16:50:06.175513 +0800 CST Write Department PVG T1 LOAD success.
2016-03-15 16:50:06.1765131 +0800 CST Write Department PVG T2 LOAD success.
2016-03-15 16:50:06.1775131 +0800 CST Write Department test success.
2016-03-15 16:50:06.1775131 +0800 CST Write Department test2 success.
2016-03-15 16:50:06.1785132 +0800 CST Write Day AllMessage Success.
2016-03-15 16:51:06.2209474 +0800 CST Write Department Company success.
2016-03-15 16:51:06.2219475 +0800 CST Write Department PVG T1 LOAD success.
2016-03-15 16:51:06.2219475 +0800 CST Write Department PVG T2 LOAD success.
2016-03-15 16:51:06.2229475 +0800 CST Write Department test success.
2016-03-15 16:51:06.2229475 +0800 CST Write Department test2 success.
2016-03-15 16:51:06.2239476 +0800 CST Write Day AllMessage Success.
2016-03-15 16:51:06.2249476 +0800 CST Update lastDay Success.
2016-03-15 16:52:06.2773824 +0800 CST Write Department Company success.
2016-03-15 16:52:06.2773824 +0800 CST Write Department PVG T1 LOAD success.
2016-03-15 16:52:06.2783825 +0800 CST Write Department PVG T2 LOAD success.
2016-03-15 16:52:06.2783825 +0800 CST Write Department test success.
2016-03-15 16:52:06.2783825 +0800 CST Write Department test2 success.
2016-03-15 16:52:06.2793825 +0800 CST Write Day AllMessage Success.
2016-03-15 16:53:06.3148164 +0800 CST Write Department Company success.
2016-03-15 16:53:06.3148164 +0800 CST Write Department PVG T1 LOAD success.
2016-03-15 16:53:06.3148164 +0800 CST Write Department PVG T2 LOAD success.
2016-03-15 16:53:06.3158164 +0800 CST Write Department test success.
2016-03-15 16:53:06.3158164 +0800 CST Write Department test2 success.
2016-03-15 16:53:06.3158164 +0800 CST Write Day AllMessage Success.
2016-03-15 16:54:06.3572506 +0800 CST Write Department Company success.
2016-03-15 16:54:06.3582507 +0800 CST Write Department PVG T1 LOAD success.
2016-03-15 16:54:06.3582507 +0800 CST Write Department PVG T2 LOAD success.
2016-03-15 16:54:06.3592507 +0800 CST Write Department test success.
2016-03-15 16:54:06.3592507 +0800 CST Write Department test2 success.
2016-03-15 16:54:06.3592507 +0800 CST Write Day AllMessage Success.
2016-03-15 16:55:06.3896843 +0800 CST Write Department Company success.
2016-03-15 16:55:06.3896843 +0800 CST Write Department PVG T1 LOAD success.
2016-03-15 16:55:06.3906843 +0800 CST Write Department PVG T2 LOAD success.
2016-03-15 16:55:06.3906843 +0800 CST Write Department test success.
2016-03-15 16:55:06.3916844 +0800 CST Write Department test2 success.
2016-03-15 16:55:06.3916844 +0800 CST Write Day AllMessage Success.
2016-03-15 16:56:06.4211179 +0800 CST Write Department Company success.
2016-03-15 16:56:06.4221179 +0800 CST Write Department PVG T1 LOAD success.
2016-03-15 16:56:06.4221179 +0800 CST Write Department PVG T2 LOAD success.
2016-03-15 16:56:06.4221179 +0800 CST Write Department test success.
2016-03-15 16:56:06.423118 +0800 CST Write Department test2 success.
2016-03-15 16:56:06.423118 +0800 CST Write Day AllMessage Success.
2016-03-15 16:57:06.4595519 +0800 CST Write Department Company success.
2016-03-15 16:57:06.4605519 +0800 CST Write Department PVG T1 LOAD success.
2016-03-15 16:57:06.4605519 +0800 CST Write Department PVG T2 LOAD success.
2016-03-15 16:57:06.461552 +0800 CST Write Department test success.
2016-03-15 16:57:06.461552 +0800 CST Write Department test2 success.
2016-03-15 16:57:06.462552 +0800 CST Write Day AllMessage Success.
2016-03-15 16:58:06.4919855 +0800 CST Write Department Company success.
2016-03-15 16:58:06.4929856 +0800 CST Write Department PVG T1 LOAD success.
2016-03-15 16:58:06.4929856 +0800 CST Write Department PVG T2 LOAD success.
2016-03-15 16:58:06.4929856 +0800 CST Write Department test success.
2016-03-15 16:58:06.4939856 +0800 CST Write Department test2 success.
2016-03-15 16:58:06.4939856 +0800 CST Write Day AllMessage Success.
2016-03-15 16:59:06.5244192 +0800 CST Write Department Company success.
2016-03-15 16:59:06.5254192 +0800 CST Write Department PVG T1 LOAD success.
2016-03-15 16:59:06.5254192 +0800 CST Write Department PVG T2 LOAD success.
2016-03-15 16:59:06.5264193 +0800 CST Write Department test success.
2016-03-15 16:59:06.5264193 +0800 CST Write Department test2 success.
2016-03-15 16:59:06.5264193 +0800 CST Write Day AllMessage Success.
2016-03-15 17:00:06.558853 +0800 CST Write Department Company success.
2016-03-15 17:00:06.558853 +0800 CST Write Department PVG T1 LOAD success.
2016-03-15 17:00:06.558853 +0800 CST Write Department PVG T2 LOAD success.
2016-03-15 17:00:06.559853 +0800 CST Write Department test success.
2016-03-15 17:00:06.559853 +0800 CST Write Department test2 success.
2016-03-15 17:00:06.559853 +0800 CST Write Day AllMessage Success.
2016-03-15 17:01:06.5952868 +0800 CST Write Department Company success.
2016-03-15 17:01:06.5952868 +0800 CST Write Department PVG T1 LOAD success.
2016-03-15 17:01:06.5962869 +0800 CST Write Department PVG T2 LOAD success.
2016-03-15 17:01:06.5962869 +0800 CST Write Department test success.
2016-03-15 17:01:06.5962869 +0800 CST Write Department test2 success.
2016-03-15 17:01:06.597287 +0800 CST Write Day AllMessage Success.
2016-03-15 17:02:06.6337208 +0800 CST Write Department Company success.
2016-03-15 17:02:06.6337208 +0800 CST Write Department PVG T1 LOAD success.
2016-03-15 17:02:06.6347209 +0800 CST Write Department PVG T2 LOAD success.
2016-03-15 17:02:06.6347209 +0800 CST Write Department test success.
2016-03-15 17:02:06.635721 +0800 CST Write Department test2 success.
2016-03-15 17:02:06.636721 +0800 CST Write Day AllMessage Success.
2016-03-15 17:03:06.6761551 +0800 CST Write Department Company success.
2016-03-15 17:03:06.6771551 +0800 CST Write Department PVG T1 LOAD success.
2016-03-15 17:03:06.6771551 +0800 CST Write Department PVG T2 LOAD success.
2016-03-15 17:03:06.6781552 +0800 CST Write Department test success.
2016-03-15 17:03:06.6781552 +0800 CST Write Department test2 success.
2016-03-15 17:03:06.6791553 +0800 CST Write Day AllMessage Success.
2016-03-15 17:04:06.713589 +0800 CST Write Department Company success.
2016-03-15 17:04:06.7145891 +0800 CST Write Department PVG T1 LOAD success.
2016-03-15 17:04:06.7145891 +0800 CST Write Department PVG T2 LOAD success.
2016-03-15 17:04:06.7155891 +0800 CST Write Department test success.
2016-03-15 17:04:06.7155891 +0800 CST Write Department test2 success.
2016-03-15 17:04:06.7165892 +0800 CST Write Day AllMessage Success.
2016-03-15 17:05:06.7610235 +0800 CST Write Department Company success.
2016-03-15 17:05:06.7620236 +0800 CST Write Department PVG T1 LOAD success.
2016-03-15 17:05:06.7630237 +0800 CST Write Department PVG T2 LOAD success.
2016-03-15 17:05:06.7630237 +0800 CST Write Department test success.
2016-03-15 17:05:06.7640237 +0800 CST Write Department test2 success.
2016-03-15 17:05:06.7640237 +0800 CST Write Day AllMessage Success.
2016-03-15 17:06:06.7944573 +0800 CST Write Department Company success.
2016-03-15 17:06:06.7944573 +0800 CST Write Department PVG T1 LOAD success.
2016-03-15 17:06:06.7954573 +0800 CST Write Department PVG T2 LOAD success.
2016-03-15 17:06:06.7954573 +0800 CST Write Department test success.
2016-03-15 17:06:06.7954573 +0800 CST Write Department test2 success.
2016-03-15 17:06:06.7964574 +0800 CST Write Day AllMessage Success.
2016-03-15 17:07:06.8308911 +0800 CST Write Department Company success.
2016-03-15 17:07:06.8318912 +0800 CST Write Department PVG T1 LOAD success.
2016-03-15 17:07:06.8318912 +0800 CST Write Department PVG T2 LOAD success.
2016-03-15 17:07:06.8328913 +0800 CST Write Department test success.
2016-03-15 17:07:06.8328913 +0800 CST Write Department test2 success.
2016-03-15 17:07:06.8338913 +0800 CST Write Day AllMessage Success.
2016-03-15 17:08:06.8793257 +0800 CST Write Department Company success.
2016-03-15 17:08:06.8793257 +0800 CST Write Department PVG T1 LOAD success.
2016-03-15 17:08:06.8803258 +0800 CST Write Department PVG T2 LOAD success.
2016-03-15 17:08:06.8803258 +0800 CST Write Department test success.
2016-03-15 17:08:06.8803258 +0800 CST Write Department test2 success.
2016-03-15 17:08:06.8813258 +0800 CST Write Day AllMessage Success.
2016-03-15 17:09:06.9177597 +0800 CST Write Department Company success.
2016-03-15 17:09:06.9177597 +0800 CST Write Department PVG T1 LOAD success.
2016-03-15 17:09:06.9187598 +0800 CST Write Department PVG T2 LOAD success.
2016-03-15 17:09:06.9187598 +0800 CST Write Department test success.
2016-03-15 17:09:06.9197598 +0800 CST Write Department test2 success.
2016-03-15 17:09:06.9197598 +0800 CST Write Day AllMessage Success.
2016-03-15 17:10:06.9621941 +0800 CST Write Department Company success.
2016-03-15 17:10:06.9631941 +0800 CST Write Department PVG T1 LOAD success.
2016-03-15 17:10:06.9631941 +0800 CST Write Department PVG T2 LOAD success.
2016-03-15 17:10:06.9631941 +0800 CST Write Department test success.
2016-03-15 17:10:06.9641942 +0800 CST Write Department test2 success.
2016-03-15 17:10:06.9641942 +0800 CST Write Day AllMessage Success.
2016-03-15 17:11:07.0096286 +0800 CST Write Department Company success.
2016-03-15 17:11:07.0106286 +0800 CST Write Department PVG T1 LOAD success.
2016-03-15 17:11:07.0106286 +0800 CST Write Department PVG T2 LOAD success.
2016-03-15 17:11:07.0116287 +0800 CST Write Department test success.
2016-03-15 17:11:07.0116287 +0800 CST Write Department test2 success.
2016-03-15 17:11:07.0126288 +0800 CST Write Day AllMessage Success.
2016-03-15 17:12:07.0580632 +0800 CST Write Department Company success.
2016-03-15 17:12:07.0580632 +0800 CST Write Department PVG T1 LOAD success.
2016-03-15 17:12:07.0580632 +0800 CST Write Department PVG T2 LOAD success.
2016-03-15 17:12:07.0590632 +0800 CST Write Department test success.
2016-03-15 17:12:07.0590632 +0800 CST Write Department test2 success.
2016-03-15 17:12:07.0600633 +0800 CST Write Day AllMessage Success.
2016-03-15 17:16:40.8697243 +0800 CST Write Department Company success.
2016-03-15 17:16:40.8697243 +0800 CST Write Department PVG T1 LOAD success.
2016-03-15 17:16:40.8697243 +0800 CST Write Department PVG T2 LOAD success.
2016-03-15 17:16:40.8707243 +0800 CST Write Department test success.
2016-03-15 17:16:40.8707243 +0800 CST Write Department test2 success.
2016-03-15 17:16:40.8707243 +0800 CST Write Day AllMessage Success.
2016-03-15 17:17:40.9151587 +0800 CST Write Department Company success.
2016-03-15 17:17:40.9161587 +0800 CST Write Department PVG T1 LOAD success.
2016-03-15 17:17:40.9161587 +0800 CST Write Department PVG T2 LOAD success.
2016-03-15 17:17:40.9161587 +0800 CST Write Department test success.
2016-03-15 17:17:40.9171588 +0800 CST Write Department test2 success.
2016-03-15 17:17:40.9171588 +0800 CST Write Day AllMessage Success.
2016-03-15 17:20:09.9546833 +0800 CST Write Department Company success.
2016-03-15 17:20:09.9556833 +0800 CST Write Department PVG T1 LOAD success.
2016-03-15 17:20:09.9556833 +0800 CST Write Department PVG T2 LOAD success.
2016-03-15 17:20:09.9566834 +0800 CST Write Department test success.
2016-03-15 17:20:09.9566834 +0800 CST Write Department test2 success.
2016-03-15 17:20:09.9576834 +0800 CST Write Day AllMessage Success.
2016-03-15 17:20:09.9576834 +0800 CST Update lastDay Success.
2016-03-15 17:21:10.0491205 +0800 CST Write Department Company success.
2016-03-15 17:21:10.0491205 +0800 CST Write Department PVG T1 LOAD success.
2016-03-15 17:21:10.0501205 +0800 CST Write Department PVG T2 LOAD success.
2016-03-15 17:21:10.0501205 +0800 CST Write Department test success.
2016-03-15 17:21:10.0511206 +0800 CST Write Department test2 success.
2016-03-15 17:21:10.0521206 +0800 CST Write Day AllMessage Success.
2016-03-15 17:22:10.1035554 +0800 CST Write Department Company success.
2016-03-15 17:22:10.1035554 +0800 CST Write Department PVG T1 LOAD success.
2016-03-15 17:22:10.1035554 +0800 CST Write Department PVG T2 LOAD success.
2016-03-15 17:22:10.1045554 +0800 CST Write Department test success.
2016-03-15 17:22:10.1045554 +0800 CST Write Department test2 success.
2016-03-15 17:22:10.1055555 +0800 CST Write Day AllMessage Success.
2016-03-15 17:23:10.1599904 +0800 CST Write Department Company success.
2016-03-15 17:23:10.1609905 +0800 CST Write Department PVG T1 LOAD success.
2016-03-15 17:23:10.1609905 +0800 CST Write Department PVG T2 LOAD success.
2016-03-15 17:23:10.1619905 +0800 CST Write Department test success.
2016-03-15 17:23:10.1619905 +0800 CST Write Department test2 success.
2016-03-15 17:23:10.1629906 +0800 CST Write Day AllMessage Success.
2016-03-15 17:24:10.2174255 +0800 CST Write Department Company success.
2016-03-15 17:24:10.2184256 +0800 CST Write Department PVG T1 LOAD success.
2016-03-15 17:24:10.2184256 +0800 CST Write Department PVG T2 LOAD success.
2016-03-15 17:24:10.2194256 +0800 CST Write Department test success.
2016-03-15 17:24:10.2194256 +0800 CST Write Department test2 success.
2016-03-15 17:24:10.2204257 +0800 CST Write Day AllMessage Success.
2016-03-15 17:25:10.2728605 +0800 CST Write Department Company success.
2016-03-15 17:25:10.2728605 +0800 CST Write Department PVG T1 LOAD success.
2016-03-15 17:25:10.2738605 +0800 CST Write Department PVG T2 LOAD success.
2016-03-15 17:25:10.2738605 +0800 CST Write Department test success.
2016-03-15 17:25:10.2738605 +0800 CST Write Department test2 success.
2016-03-15 17:25:10.2748606 +0800 CST Write Day AllMessage Success.
2016-03-15 17:26:10.3002939 +0800 CST Write Department Company success.
2016-03-15 17:26:10.3002939 +0800 CST Write Department PVG T1 LOAD success.
2016-03-15 17:26:10.3002939 +0800 CST Write Department PVG T2 LOAD success.
2016-03-15 17:26:10.3012939 +0800 CST Write Department test success.
2016-03-15 17:26:10.3012939 +0800 CST Write Department test2 success.
2016-03-15 17:26:10.3012939 +0800 CST Write Day AllMessage Success.
2016-03-15 17:27:10.3677295 +0800 CST Write Department Company success.
2016-03-15 17:27:10.3677295 +0800 CST Write Department PVG T1 LOAD success.
2016-03-15 17:27:10.3677295 +0800 CST Write Department PVG T2 LOAD success.
2016-03-15 17:27:10.3687296 +0800 CST Write Department test success.
2016-03-15 17:27:10.3687296 +0800 CST Write Department test2 success.
2016-03-15 17:27:10.3687296 +0800 CST Write Day AllMessage Success.
2016-03-15 17:28:10.4021633 +0800 CST Write Department Company success.
2016-03-15 17:28:10.4031633 +0800 CST Write Department PVG T1 LOAD success.
2016-03-15 17:28:10.4031633 +0800 CST Write Department PVG T2 LOAD success.
2016-03-15 17:28:10.4031633 +0800 CST Write Department test success.
2016-03-15 17:28:10.4041634 +0800 CST Write Department test2 success.
2016-03-15 17:28:10.4041634 +0800 CST Write Day AllMessage Success.
2016-03-15 17:29:10.4595984 +0800 CST Write Department Company success.
2016-03-15 17:29:10.4605984 +0800 CST Write Department PVG T1 LOAD success.
2016-03-15 17:29:10.4605984 +0800 CST Write Department PVG T2 LOAD success.
2016-03-15 17:29:10.4605984 +0800 CST Write Department test success.
2016-03-15 17:29:10.4615985 +0800 CST Write Department test2 success.
2016-03-15 17:29:10.4615985 +0800 CST Write Day AllMessage Success.
2016-03-15 17:30:10.5100331 +0800 CST Write Department Company success.
2016-03-15 17:30:10.5110331 +0800 CST Write Department PVG T1 LOAD success.
2016-03-15 17:30:10.5110331 +0800 CST Write Department PVG T2 LOAD success.
2016-03-15 17:30:10.5110331 +0800 CST Write Department test success.
2016-03-15 17:30:10.5120332 +0800 CST Write Department test2 success.
2016-03-15 17:30:10.5120332 +0800 CST Write Day AllMessage Success.
2016-03-15 17:31:10.5694683 +0800 CST Write Department Company success.
2016-03-15 17:31:10.5694683 +0800 CST Write Department PVG T1 LOAD success.
2016-03-15 17:31:10.5704683 +0800 CST Write Department PVG T2 LOAD success.
2016-03-15 17:31:10.5704683 +0800 CST Write Department test success.
2016-03-15 17:31:10.5714684 +0800 CST Write Department test2 success.
2016-03-15 17:31:10.5724684 +0800 CST Write Day AllMessage Success.
2016-03-15 17:38:04.5971493 +0800 CST Write Department Company success.
2016-03-15 17:38:04.5981494 +0800 CST Write Department PVG T1 LOAD success.
2016-03-15 17:38:04.5981494 +0800 CST Write Department PVG T2 LOAD success.
2016-03-15 17:38:04.5981494 +0800 CST Write Department test success.
2016-03-15 17:38:04.5991494 +0800 CST Write Department test2 success.
2016-03-15 17:38:04.5991494 +0800 CST Write Day AllMessage Success.
2016-03-15 17:39:39.2185613 +0800 CST Write Department Company success.
2016-03-15 17:39:39.2185613 +0800 CST Write Department PVG T1 LOAD success.
2016-03-15 17:39:39.2195614 +0800 CST Write Department PVG T2 LOAD success.
2016-03-15 17:39:39.2195614 +0800 CST Write Department test success.
2016-03-15 17:39:39.2195614 +0800 CST Write Department test2 success.
2016-03-15 17:39:39.2225616 +0800 CST Write Day AllMessage Success.
2016-03-15 17:40:08.7002476 +0800 CST Write Department Company success.
2016-03-15 17:40:08.7002476 +0800 CST Write Department PVG T1 LOAD success.
2016-03-15 17:40:08.7002476 +0800 CST Write Department PVG T2 LOAD success.
2016-03-15 17:40:08.7012476 +0800 CST Write Department test success.
2016-03-15 17:40:08.7012476 +0800 CST Write Department test2 success.
2016-03-15 17:40:08.7012476 +0800 CST Write Day AllMessage Success.
2016-03-15 17:43:25.7155162 +0800 CST Write Department   success.
2016-03-15 17:43:25.7165163 +0800 CST Write Department PVG T1 LOAD success.
2016-03-15 17:43:25.7165163 +0800 CST Write Department PVG T2 LOAD success.
2016-03-15 17:43:25.7165163 +0800 CST Write Department test success.
2016-03-15 17:43:25.7175163 +0800 CST Write Department test2 success.
2016-03-15 17:43:25.7175163 +0800 CST Write Day AllMessage Success.
2016-03-15 17:44:57.6987774 +0800 CST Write Department   success.
2016-03-15 17:44:57.6987774 +0800 CST Write Department PVG T1 LOAD success.
2016-03-15 17:44:57.6987774 +0800 CST Write Department PVG T2 LOAD success.
2016-03-15 17:44:57.6997774 +0800 CST Write Department test success.
2016-03-15 17:44:57.6997774 +0800 CST Write Department test2 success.
2016-03-15 17:44:57.6997774 +0800 CST Write Day AllMessage Success.
2016-03-15 17:48:36.9983206 +0800 CST Write Department   success.
2016-03-15 17:48:36.9993206 +0800 CST Write Department PVG T1 LOAD success.
2016-03-15 17:48:36.9993206 +0800 CST Write Department PVG T2 LOAD success.
2016-03-15 17:48:36.9993206 +0800 CST Write Department test success.
2016-03-15 17:48:37.0003207 +0800 CST Write Department test2 success.
2016-03-15 17:48:37.0003207 +0800 CST Write Day AllMessage Success.
2016-03-15 22:30:16.6785325 +0800 CST Write Day AllMessage Success.
2016-03-15 22:32:12.149137 +0800 CST Write Day AllMessage Success.
2016-03-15 22:33:05.6551974 +0800 CST Write Day AllMessage Success.
2016-03-15 22:35:36.2148089 +0800 CST Write Day AllMessage Success.
2016-03-15 22:36:35.5962053 +0800 CST Write Day AllMessage Success.
2016-03-15 22:39:19.9096035 +0800 CST Write Day AllMessage Success.
2016-03-15 22:40:39.0001273 +0800 CST Write Department  success.
2016-03-15 22:40:39.0011273 +0800 CST Write Department AIR LOAD 1 success.
2016-03-15 22:40:39.0011273 +0800 CST Write Department AIR Break success.
2016-03-15 22:40:39.0021274 +0800 CST Write Day AllMessage Success.
