2016-03-14 14:49:58.8944828 +0800 CST Write Department PVG T1 LOAD success.
2016-03-14 14:49:58.8954828 +0800 CST Write Department PVG T2 LOAD success.
2016-03-14 14:49:58.8954828 +0800 CST WriteAllMessage Success.
2016-03-14 14:50:58.9149157 +0800 CST Write Department PVG T1 LOAD success.
2016-03-14 14:50:58.9159158 +0800 CST Write Department PVG T2 LOAD success.
2016-03-14 14:50:58.9159158 +0800 CST WriteAllMessage Success.
2016-03-14 14:51:58.9303484 +0800 CST Write Department PVG T1 LOAD success.
2016-03-14 14:51:58.9303484 +0800 CST Write Department PVG T2 LOAD success.
2016-03-14 14:51:58.9313485 +0800 CST WriteAllMessage Success.
2016-03-14 14:52:58.9467812 +0800 CST Write Department PVG T1 LOAD success.
2016-03-14 14:52:58.9467812 +0800 CST Write Department PVG T2 LOAD success.
2016-03-14 14:52:58.9477812 +0800 CST WriteAllMessage Success.
2016-03-14 14:53:58.9852152 +0800 CST Write Department PVG T1 LOAD success.
2016-03-14 14:53:58.9852152 +0800 CST Write Department PVG T2 LOAD success.
2016-03-14 14:53:58.9862152 +0800 CST WriteAllMessage Success.
2016-03-14 14:54:59.0016479 +0800 CST Write Department æ€»å…¬å¸ success.
2016-03-14 14:54:59.0016479 +0800 CST Write Department PVG T2 LOAD success.
2016-03-14 14:54:59.002648 +0800 CST WriteAllMessage Success.
2016-03-14 14:55:59.0170806 +0800 CST Write Department æ€»å…¬å¸ success.
2016-03-14 14:55:59.0180807 +0800 CST Write Department PVG T2 LOAD success.
2016-03-14 14:55:59.0180807 +0800 CST WriteAllMessage Success.
2016-03-14 14:56:59.0415138 +0800 CST Write Department æ€»å…¬å¸ success.
2016-03-14 14:56:59.0425139 +0800 CST Write Department PVG T2 LOAD success.
2016-03-14 14:56:59.0425139 +0800 CST WriteAllMessage Success.
2016-03-14 14:57:26.0100563 +0800 CST Write Department PVG T1 LOAD success.
2016-03-14 14:57:26.0110564 +0800 CST Write Department æ€»å…¬å¸ success.
2016-03-14 14:57:26.0110564 +0800 CST Write Department PVG T2 LOAD success.
2016-03-14 14:57:26.0130565 +0800 CST WriteAllMessage Success.
2016-03-14 14:58:26.0264891 +0800 CST Write Department PVG T1 LOAD success.
2016-03-14 14:58:26.0274891 +0800 CST Write Department æ€»å…¬å¸ success.
2016-03-14 14:58:26.0274891 +0800 CST Write Department PVG T2 LOAD success.
2016-03-14 14:58:26.0284892 +0800 CST WriteAllMessage Success.
2016-03-14 14:59:26.0479221 +0800 CST Write Department PVG T1 LOAD success.
2016-03-14 14:59:26.0489222 +0800 CST Write Department æ€»å…¬å¸ success.
2016-03-14 14:59:26.0489222 +0800 CST Write Department PVG T2 LOAD success.
2016-03-14 14:59:26.0499222 +0800 CST WriteAllMessage Success.
2016-03-14 15:00:13.8886584 +0800 CST Write Department PVG T1 LOAD success.
2016-03-14 15:00:13.8886584 +0800 CST Write Department æ€»å…¬å¸ success.
2016-03-14 15:00:13.8896585 +0800 CST Write Department PVG T2 LOAD success.
2016-03-14 15:00:13.8906585 +0800 CST WriteAllMessage Success.
2016-03-14 15:01:13.9090914 +0800 CST Write Department PVG T1 LOAD success.
2016-03-14 15:01:13.9100915 +0800 CST Write Department æ€»å…¬å¸ success.
2016-03-14 15:01:13.9100915 +0800 CST Write Department PVG T2 LOAD success.
2016-03-14 15:01:13.9110915 +0800 CST WriteAllMessage Success.
2016-03-14 15:02:13.9255241 +0800 CST Write Department PVG T1 LOAD success.
2016-03-14 15:02:13.9265242 +0800 CST Write Department æ€»å…¬å¸ success.
2016-03-14 15:02:13.9265242 +0800 CST Write Department PVG T2 LOAD success.
2016-03-14 15:02:13.9275243 +0800 CST WriteAllMessage Success.
2016-03-14 15:04:56.4428196 +0800 CST Write Department PVG T1 LOAD success.
2016-03-14 15:04:56.4438197 +0800 CST Write Department æ€»å…¬å¸ success.
2016-03-14 15:04:56.4438197 +0800 CST Write Department PVG T2 LOAD success.
2016-03-14 15:04:56.4448197 +0800 CST WriteAllMessage Success.
2016-03-14 15:05:56.4592523 +0800 CST Write Department PVG T1 LOAD success.
2016-03-14 15:05:56.4602524 +0800 CST Write Department æ€»å…¬å¸ success.
2016-03-14 15:05:56.4602524 +0800 CST Write Department PVG T2 LOAD success.
2016-03-14 15:05:56.4612525 +0800 CST WriteAllMessage Success.
2016-03-14 15:06:56.4786853 +0800 CST Write Department PVG T1 LOAD success.
2016-03-14 15:06:56.4796853 +0800 CST Write Department æ€»å…¬å¸ success.
2016-03-14 15:06:56.4796853 +0800 CST Write Department PVG T2 LOAD success.
2016-03-14 15:06:56.4806854 +0800 CST WriteAllMessage Success.
2016-03-14 15:07:04.5811487 +0800 CST Write Department PVG T1 LOAD success.
2016-03-14 15:07:04.5811487 +0800 CST Write Department æ€»å…¬å¸ success.
2016-03-14 15:07:04.5821488 +0800 CST Write Department PVG T2 LOAD success.
2016-03-14 15:07:04.5821488 +0800 CST WriteAllMessage Success.
2016-03-14 15:09:07.9802067 +0800 CST Write Department PVG T1 LOAD success.
2016-03-14 15:09:07.9812068 +0800 CST Write Department æ€»å…¬å¸ success.
2016-03-14 15:09:07.9812068 +0800 CST Write Department PVG T2 LOAD success.
2016-03-14 15:09:07.9822068 +0800 CST WriteAllMessage Success.
2016-03-14 15:10:07.9966395 +0800 CST Write Department PVG T1 LOAD success.
2016-03-14 15:10:07.9976395 +0800 CST Write Department æ€»å…¬å¸ success.
2016-03-14 15:10:07.9976395 +0800 CST Write Department PVG T2 LOAD success.
2016-03-14 15:10:07.9986396 +0800 CST WriteAllMessage Success.
2016-03-14 15:11:08.0120721 +0800 CST Write Department PVG T1 LOAD success.
2016-03-14 15:11:08.0120721 +0800 CST Write Department æ€»å…¬å¸ success.
2016-03-14 15:11:08.0130722 +0800 CST Write Department PVG T2 LOAD success.
2016-03-14 15:11:08.0130722 +0800 CST WriteAllMessage Success.
2016-03-14 15:11:45.5792209 +0800 CST Write Department PVG T1 LOAD success.
2016-03-14 15:11:45.5792209 +0800 CST Write Department æ€»å…¬å¸ success.
2016-03-14 15:11:45.5802209 +0800 CST Write Department PVG T2 LOAD success.
2016-03-14 15:11:45.5802209 +0800 CST WriteAllMessage Success.
2016-03-14 15:12:45.6116545 +0800 CST Write Department PVG T1 LOAD success.
2016-03-14 15:12:45.6116545 +0800 CST Write Department æ€»å…¬å¸ success.
2016-03-14 15:12:45.6126546 +0800 CST Write Department PVG T2 LOAD success.
2016-03-14 15:12:45.6126546 +0800 CST WriteAllMessage Success.
2016-03-14 15:13:18.7475498 +0800 CST Write Department PVG T1 LOAD success.
2016-03-14 15:13:18.7485498 +0800 CST Write Department æ€»å…¬å¸ success.
2016-03-14 15:13:18.7485498 +0800 CST Write Department PVG T2 LOAD success.
2016-03-14 15:13:18.7495499 +0800 CST WriteAllMessage Success.
2016-03-14 15:13:55.0766277 +0800 CST Write Department PVG T1 LOAD success.
2016-03-14 15:13:55.0766277 +0800 CST Write Department æ€»å…¬å¸ success.
2016-03-14 15:13:55.0776278 +0800 CST Write Department PVG T2 LOAD success.
2016-03-14 15:13:55.0776278 +0800 CST WriteAllMessage Success.
2016-03-14 15:14:20.0170542 +0800 CST Write Department PVG T1 LOAD success.
2016-03-14 15:14:20.0180543 +0800 CST Write Department æ€»å…¬å¸ success.
2016-03-14 15:14:20.0180543 +0800 CST Write Department PVG T2 LOAD success.
2016-03-14 15:14:20.0190543 +0800 CST WriteAllMessage Success.
2016-03-14 15:14:43.878419 +0800 CST Write Department PVG T1 LOAD success.
2016-03-14 15:14:43.878419 +0800 CST Write Department æ€»å…¬å¸ success.
2016-03-14 15:14:43.8794191 +0800 CST Write Department PVG T2 LOAD success.
2016-03-14 15:14:43.8794191 +0800 CST WriteAllMessage Success.
2016-03-14 15:14:51.5918602 +0800 CST Write Department PVG T1 LOAD success.
2016-03-14 15:14:51.5918602 +0800 CST Write Department æ€»å…¬å¸ success.
2016-03-14 15:14:51.5928602 +0800 CST Write Department PVG T2 LOAD success.
2016-03-14 15:14:51.5928602 +0800 CST WriteAllMessage Success.
2016-03-14 15:15:08.233812 +0800 CST Write Department PVG T1 LOAD success.
2016-03-14 15:15:08.233812 +0800 CST Write Department æ€»å…¬å¸ success.
2016-03-14 15:15:08.2348121 +0800 CST Write Department PVG T2 LOAD success.
2016-03-14 15:15:08.2348121 +0800 CST WriteAllMessage Success.
2016-03-14 15:16:22.782076 +0800 CST Write Department PVG T1 LOAD success.
2016-03-14 15:16:22.783076 +0800 CST Write Department æ€»å…¬å¸ success.
2016-03-14 15:16:22.783076 +0800 CST Write Department PVG T2 LOAD success.
2016-03-14 15:16:22.7840761 +0800 CST WriteAllMessage Success.
2016-03-14 15:17:04.2404472 +0800 CST Write Department PVG T1 LOAD success.
2016-03-14 15:17:04.2414473 +0800 CST Write Department æ€»å…¬å¸ success.
2016-03-14 15:17:04.2414473 +0800 CST Write Department PVG T2 LOAD success.
2016-03-14 15:17:04.2424474 +0800 CST WriteAllMessage Success.
2016-03-14 15:18:30.13236 +0800 CST Write Department PVG T1 LOAD success.
2016-03-14 15:18:30.13236 +0800 CST Write Department æ€»å…¬å¸ success.
2016-03-14 15:18:30.13336 +0800 CST Write Department PVG T2 LOAD success.
2016-03-14 15:18:30.13336 +0800 CST WriteAllMessage Success.
2016-03-14 15:20:26.887038 +0800 CST Write Department PVG T1 LOAD success.
2016-03-14 15:20:26.888038 +0800 CST Write Department æ€»å…¬å¸ success.
2016-03-14 15:20:26.888038 +0800 CST Write Department PVG T2 LOAD success.
2016-03-14 15:20:26.888038 +0800 CST WriteAllMessage Success.
2016-03-14 15:21:26.9074709 +0800 CST Write Department PVG T1 LOAD success.
2016-03-14 15:21:26.9074709 +0800 CST Write Department æ€»å…¬å¸ success.
2016-03-14 15:21:26.908471 +0800 CST Write Department PVG T2 LOAD success.
2016-03-14 15:21:26.908471 +0800 CST WriteAllMessage Success.
2016-03-14 15:21:58.7272909 +0800 CST Write Department PVG T1 LOAD success.
2016-03-14 15:21:58.7272909 +0800 CST Write Department æ€»å…¬å¸ success.
2016-03-14 15:21:58.728291 +0800 CST Write Department PVG T2 LOAD success.
2016-03-14 15:21:58.728291 +0800 CST WriteAllMessage Success.
2016-03-14 15:22:50.0012236 +0800 CST Write Department PVG T1 LOAD success.
2016-03-14 15:22:50.0012236 +0800 CST Write Department æ€»å…¬å¸ success.
2016-03-14 15:22:50.0012236 +0800 CST Write Department PVG T2 LOAD success.
2016-03-14 15:22:50.0022237 +0800 CST WriteAllMessage Success.
2016-03-14 15:23:50.0206565 +0800 CST Write Department PVG T1 LOAD success.
2016-03-14 15:23:50.0216566 +0800 CST Write Department æ€»å…¬å¸ success.
2016-03-14 15:23:50.0216566 +0800 CST Write Department PVG T2 LOAD success.
2016-03-14 15:23:50.0226567 +0800 CST WriteAllMessage Success.
2016-03-14 15:36:29.5941017 +0800 CST Write Department PVG T1 LOAD success.
2016-03-14 15:36:29.5951017 +0800 CST Write Department æ€»å…¬å¸ success.
2016-03-14 15:36:29.5951017 +0800 CST Write Department PVG T2 LOAD success.
2016-03-14 15:36:29.5951017 +0800 CST WriteAllMessage Success.
2016-03-14 15:37:29.6145346 +0800 CST Write Department PVG T1 LOAD success.
2016-03-14 15:37:29.6145346 +0800 CST Write Department æ€»å…¬å¸ success.
2016-03-14 15:37:29.6155347 +0800 CST Write Department PVG T2 LOAD success.
2016-03-14 15:37:29.6155347 +0800 CST WriteAllMessage Success.
2016-03-14 15:37:45.5344452 +0800 CST Write Department PVG T1 LOAD success.
2016-03-14 15:37:45.5344452 +0800 CST Write Department æ€»å…¬å¸ success.
2016-03-14 15:37:45.5354453 +0800 CST Write Department PVG T2 LOAD success.
2016-03-14 15:37:45.5354453 +0800 CST WriteAllMessage Success.
2016-03-14 15:38:15.5981647 +0800 CST WriteAllMessage Success.
2016-03-14 15:43:18.7905064 +0800 CST WriteAllMessage Success.
2016-03-14 15:46:07.2141396 +0800 CST WriteAllMessage Success.
2016-03-14 15:47:25.4666154 +0800 CST WriteAllMessage Success.
2016-03-14 15:47:52.436158 +0800 CST Write Department PVG T1 LOAD success.
2016-03-14 15:47:52.436158 +0800 CST Write Department æ€»å…¬å¸ success.
2016-03-14 15:47:52.436158 +0800 CST Write Department PVG T2 LOAD success.
2016-03-14 15:47:52.437158 +0800 CST WriteAllMessage Success.
2016-03-14 15:49:24.1124016 +0800 CST Write Department PVG T1 LOAD success.
2016-03-14 15:49:24.1134016 +0800 CST Write Department æ€»å…¬å¸ success.
2016-03-14 15:49:24.1134016 +0800 CST Write Department PVG T2 LOAD success.
2016-03-14 15:49:24.1134016 +0800 CST WriteAllMessage Success.
2016-03-14 16:00:05.8451066 +0800 CST Write Department PVG T1 LOAD success.
2016-03-14 16:00:05.8451066 +0800 CST Write Department æ€»å…¬å¸ success.
2016-03-14 16:00:05.8461066 +0800 CST Write Department PVG T2 LOAD success.
2016-03-14 16:00:05.8461066 +0800 CST WriteAllMessage Success.
2016-03-14 16:17:53.7601878 +0800 CST Write Department PVG T1 LOAD success.
2016-03-14 16:17:53.7601878 +0800 CST Write Department æ€»å…¬å¸ success.
2016-03-14 16:17:53.7601878 +0800 CST Write Department PVG T2 LOAD success.
2016-03-14 16:17:53.7611879 +0800 CST WriteAllMessage Success.
2016-03-14 16:18:53.7746205 +0800 CST Write Department ÿÿÿÿ…¬å¸ success.
2016-03-14 16:18:53.7746205 +0800 CST Write Department æ€»å…¬å¸ success.
2016-03-14 16:18:53.7756205 +0800 CST Write Department PVG T2 LOAD success.
2016-03-14 16:18:53.7756205 +0800 CST WriteAllMessage Success.
2016-03-14 16:19:53.7920533 +0800 CST Write Department ÿÿÿÿ…¬å¸ success.
2016-03-14 16:19:53.7930533 +0800 CST Write Department æ€»å…¬å¸ success.
2016-03-14 16:19:53.7930533 +0800 CST Write Department PVG T2 LOAD success.
2016-03-14 16:19:53.7940534 +0800 CST WriteAllMessage Success.
2016-03-14 16:20:53.8064859 +0800 CST Write Department ÿÿÿÿ…¬å¸ success.
2016-03-14 16:20:53.807486 +0800 CST Write Department æ€»å…¬å¸ success.
2016-03-14 16:20:53.807486 +0800 CST Write Department PVG T2 LOAD success.
2016-03-14 16:20:53.808486 +0800 CST WriteAllMessage Success.
2016-03-14 16:21:53.8219186 +0800 CST Write Department ÿÿÿÿ…¬å¸ success.
2016-03-14 16:21:53.8219186 +0800 CST Write Department æ€»å…¬å¸ success.
2016-03-14 16:21:53.8229186 +0800 CST Write Department PVG T2 LOAD success.
2016-03-14 16:21:53.8229186 +0800 CST WriteAllMessage Success.
2016-03-14 16:22:53.8393514 +0800 CST Write Department ÿÿÿÿ…¬å¸ success.
2016-03-14 16:22:53.8393514 +0800 CST Write Department æ€»å…¬å¸ success.
2016-03-14 16:22:53.8403514 +0800 CST Write Department PVG T2 LOAD success.
2016-03-14 16:22:53.8403514 +0800 CST WriteAllMessage Success.
2016-03-14 16:23:53.8587843 +0800 CST Write Department ÿÿÿÿ…¬å¸ success.
2016-03-14 16:23:53.8587843 +0800 CST Write Department æ€»å…¬å¸ success.
2016-03-14 16:23:53.8587843 +0800 CST Write Department PVG T2 LOAD success.
2016-03-14 16:23:53.8597844 +0800 CST WriteAllMessage Success.
2016-03-14 16:24:53.8772172 +0800 CST Write Department ÿÿÿÿ…¬å¸ success.
2016-03-14 16:24:53.8772172 +0800 CST Write Department æ€»å…¬å¸ success.
2016-03-14 16:24:53.8772172 +0800 CST Write Department PVG T2 LOAD success.
2016-03-14 16:24:53.8782172 +0800 CST WriteAllMessage Success.
2016-03-14 16:25:53.8936499 +0800 CST Write Department ÿÿÿÿ…¬å¸ success.
2016-03-14 16:25:53.8936499 +0800 CST Write Department æ€»å…¬å¸ success.
2016-03-14 16:25:53.89465 +0800 CST Write Department PVG T2 LOAD success.
2016-03-14 16:25:53.89465 +0800 CST WriteAllMessage Success.
2016-03-14 16:26:53.9090826 +0800 CST Write Department ÿÿÿÿ…¬å¸ success.
2016-03-14 16:26:53.9090826 +0800 CST Write Department æ€»å…¬å¸ success.
2016-03-14 16:26:53.9100826 +0800 CST Write Department PVG T2 LOAD success.
2016-03-14 16:26:53.9100826 +0800 CST WriteAllMessage Success.
2016-03-14 16:27:53.9345158 +0800 CST Write Department ÿÿÿÿ…¬å¸ success.
2016-03-14 16:27:53.9345158 +0800 CST Write Department æ€»å…¬å¸ success.
2016-03-14 16:27:53.9355159 +0800 CST Write Department PVG T2 LOAD success.
2016-03-14 16:27:53.9355159 +0800 CST WriteAllMessage Success.
2016-03-14 16:28:53.9539488 +0800 CST Write Department ÿÿÿÿ…¬å¸ success.
2016-03-14 16:28:53.9539488 +0800 CST Write Department æ€»å…¬å¸ success.
2016-03-14 16:28:53.9549488 +0800 CST Write Department PVG T2 LOAD success.
2016-03-14 16:28:53.9549488 +0800 CST WriteAllMessage Success.
2016-03-14 16:29:53.9713816 +0800 CST Write Department ÿÿÿÿ…¬å¸ success.
2016-03-14 16:29:53.9713816 +0800 CST Write Department æ€»å…¬å¸ success.
2016-03-14 16:29:53.9713816 +0800 CST Write Department PVG T2 LOAD success.
2016-03-14 16:29:53.9723816 +0800 CST WriteAllMessage Success.
2016-03-14 16:30:53.9848141 +0800 CST Write Department ÿÿÿÿ…¬å¸ success.
2016-03-14 16:30:53.9858142 +0800 CST Write Department æ€»å…¬å¸ success.
2016-03-14 16:30:53.9858142 +0800 CST Write Department PVG T2 LOAD success.
2016-03-14 16:30:53.9868142 +0800 CST WriteAllMessage Success.
2016-03-14 16:31:54.0122475 +0800 CST Write Department ÿÿÿÿ…¬å¸ success.
2016-03-14 16:31:54.0122475 +0800 CST Write Department æ€»å…¬å¸ success.
2016-03-14 16:31:54.0132476 +0800 CST Write Department PVG T2 LOAD success.
2016-03-14 16:31:54.0132476 +0800 CST WriteAllMessage Success.
2016-03-14 16:32:54.0366807 +0800 CST Write Department ÿÿÿÿ…¬å¸ success.
2016-03-14 16:32:54.0376808 +0800 CST Write Department æ€»å…¬å¸ success.
2016-03-14 16:32:54.0376808 +0800 CST Write Department PVG T2 LOAD success.
2016-03-14 16:32:54.0386808 +0800 CST WriteAllMessage Success.
2016-03-14 16:33:54.0551136 +0800 CST Write Department ÿÿÿÿ…¬å¸ success.
2016-03-14 16:33:54.0551136 +0800 CST Write Department æ€»å…¬å¸ success.
2016-03-14 16:33:54.0561136 +0800 CST Write Department PVG T2 LOAD success.
2016-03-14 16:33:54.0561136 +0800 CST WriteAllMessage Success.
2016-03-14 16:34:54.0715463 +0800 CST Write Department ÿÿÿÿ…¬å¸ success.
2016-03-14 16:34:54.0725464 +0800 CST Write Department æ€»å…¬å¸ success.
2016-03-14 16:34:54.0725464 +0800 CST Write Department PVG T2 LOAD success.
2016-03-14 16:34:54.0735464 +0800 CST WriteAllMessage Success.
2016-03-14 16:35:54.0859789 +0800 CST Write Department ÿÿÿÿ…¬å¸ success.
2016-03-14 16:35:54.086979 +0800 CST Write Department æ€»å…¬å¸ success.
2016-03-14 16:35:54.086979 +0800 CST Write Department PVG T2 LOAD success.
2016-03-14 16:35:54.086979 +0800 CST WriteAllMessage Success.
2016-03-14 16:36:54.1014116 +0800 CST Write Department ÿÿÿÿ…¬å¸ success.
2016-03-14 16:36:54.1014116 +0800 CST Write Department æ€»å…¬å¸ success.
2016-03-14 16:36:54.1014116 +0800 CST Write Department PVG T2 LOAD success.
2016-03-14 16:36:54.1024117 +0800 CST WriteAllMessage Success.
2016-03-14 16:37:54.1168443 +0800 CST Write Department ÿÿÿÿ…¬å¸ success.
2016-03-14 16:37:54.1178444 +0800 CST Write Department æ€»å…¬å¸ success.
2016-03-14 16:37:54.1178444 +0800 CST Write Department PVG T2 LOAD success.
2016-03-14 16:37:54.1178444 +0800 CST WriteAllMessage Success.
2016-03-14 16:38:54.1342771 +0800 CST Write Department ÿÿÿÿ…¬å¸ success.
2016-03-14 16:38:54.1342771 +0800 CST Write Department æ€»å…¬å¸ success.
2016-03-14 16:38:54.1352772 +0800 CST Write Department PVG T2 LOAD success.
2016-03-14 16:38:54.1352772 +0800 CST WriteAllMessage Success.
2016-03-14 16:39:54.1507099 +0800 CST Write Department ÿÿÿÿ…¬å¸ success.
2016-03-14 16:39:54.1517099 +0800 CST Write Department æ€»å…¬å¸ success.
2016-03-14 16:39:54.1517099 +0800 CST Write Department PVG T2 LOAD success.
2016-03-14 16:39:54.1517099 +0800 CST WriteAllMessage Success.
2016-03-14 16:40:54.1661425 +0800 CST Write Department ÿÿÿÿ…¬å¸ success.
2016-03-14 16:40:54.1661425 +0800 CST Write Department æ€»å…¬å¸ success.
2016-03-14 16:40:54.1661425 +0800 CST Write Department PVG T2 LOAD success.
2016-03-14 16:40:54.1671426 +0800 CST WriteAllMessage Success.
2016-03-14 16:41:54.1915758 +0800 CST Write Department ÿÿÿÿ…¬å¸ success.
2016-03-14 16:41:54.1915758 +0800 CST Write Department æ€»å…¬å¸ success.
2016-03-14 16:41:54.1915758 +0800 CST Write Department PVG T2 LOAD success.
2016-03-14 16:41:54.1925759 +0800 CST WriteAllMessage Success.
2016-03-14 16:42:21.4761364 +0800 CST Write Department PVG T1 LOAD success.
2016-03-14 16:42:21.4761364 +0800 CST Write Department æ€»å…¬å¸ success.
2016-03-14 16:42:21.4771364 +0800 CST Write Department PVG T2 LOAD success.
2016-03-14 16:42:21.4771364 +0800 CST WriteAllMessage Success.
2016-03-14 16:43:21.4925691 +0800 CST Write Department PVG T1 LOAD success.
2016-03-14 16:43:21.4925691 +0800 CST Write Department æ€»å…¬å¸ success.
2016-03-14 16:43:21.4935692 +0800 CST Write Department PVG T2 LOAD success.
2016-03-14 16:43:21.4935692 +0800 CST WriteAllMessage Success.
2016-03-14 16:44:21.511002 +0800 CST Write Department PVG T1 LOAD success.
2016-03-14 16:44:21.512002 +0800 CST Write Department æ€»å…¬å¸ success.
2016-03-14 16:44:21.512002 +0800 CST Write Department PVG T2 LOAD success.
2016-03-14 16:44:21.5130021 +0800 CST WriteAllMessage Success.
2016-03-14 16:51:52.8418166 +0800 CST Write Department PVG T1 LOAD success.
2016-03-14 16:51:52.8418166 +0800 CST Write Department ÿÿÿÿ…¬å¸ success.
2016-03-14 16:51:52.8418166 +0800 CST Write Department PVG T2 LOAD success.
2016-03-14 16:51:52.8428167 +0800 CST WriteAllMessage Success.
2016-03-14 16:52:07.0746307 +0800 CST Write Department PVG T1 LOAD success.
2016-03-14 16:52:07.0746307 +0800 CST Write Department ÿÿÿÿ…¬å¸ success.
2016-03-14 16:52:07.0756308 +0800 CST Write Department PVG T2 LOAD success.
2016-03-14 16:52:07.0756308 +0800 CST WriteAllMessage Success.
2016-03-14 16:52:54.0303164 +0800 CST Write Department PVG T1 LOAD success.
2016-03-14 16:52:54.0303164 +0800 CST Write Department ÿÿÿÿ…¬å¸ success.
2016-03-14 16:52:54.0303164 +0800 CST Write Department PVG T2 LOAD success.
2016-03-14 16:52:54.0313165 +0800 CST WriteAllMessage Success.
2016-03-14 16:53:26.9752008 +0800 CST Write Department PVG T1 LOAD success.
2016-03-14 16:53:26.9762008 +0800 CST Write Department ÿÿÿÿ…¬å¸ success.
2016-03-14 16:53:26.9762008 +0800 CST Write Department PVG T2 LOAD success.
2016-03-14 16:53:26.9772009 +0800 CST WriteAllMessage Success.
2016-03-14 16:53:41.7910482 +0800 CST Write Department PVG T1 LOAD success.
2016-03-14 16:53:41.7920482 +0800 CST Write Department ÿÿÿÿ…¬å¸ success.
2016-03-14 16:53:41.7920482 +0800 CST Write Department PVG T2 LOAD success.
2016-03-14 16:53:41.7930483 +0800 CST WriteAllMessage Success.
2016-03-14 16:55:53.3105707 +0800 CST Write Department PVG T1 LOAD success.
2016-03-14 16:55:53.3115707 +0800 CST Write Department ÿÿÿÿ…¬å¸ success.
2016-03-14 16:55:53.3115707 +0800 CST Write Department PVG T2 LOAD success.
2016-03-14 16:55:53.3115707 +0800 CST WriteAllMessage Success.
2016-03-14 16:56:53.3360039 +0800 CST Write Department PVG T1 LOAD success.
2016-03-14 16:56:53.3360039 +0800 CST Write Department ÿÿÿÿ…¬å¸ success.
2016-03-14 16:56:53.337004 +0800 CST Write Department PVG T2 LOAD success.
2016-03-14 16:56:53.337004 +0800 CST WriteAllMessage Success.
2016-03-14 16:57:53.3504365 +0800 CST Write Department PVG T1 LOAD success.
2016-03-14 16:57:53.3514366 +0800 CST Write Department ÿÿÿÿ…¬å¸ success.
2016-03-14 16:57:53.3514366 +0800 CST Write Department PVG T2 LOAD success.
2016-03-14 16:57:53.3514366 +0800 CST WriteAllMessage Success.
2016-03-14 16:58:53.3778699 +0800 CST Write Department PVG T1 LOAD success.
2016-03-14 16:58:53.3778699 +0800 CST Write Department ÿÿÿÿ…¬å¸ success.
2016-03-14 16:58:53.37887 +0800 CST Write Department PVG T2 LOAD success.
2016-03-14 16:58:53.37887 +0800 CST WriteAllMessage Success.
2016-03-14 16:59:53.3933026 +0800 CST Write Department PVG T1 LOAD success.
2016-03-14 16:59:53.3933026 +0800 CST Write Department ÿÿÿÿ…¬å¸ success.
2016-03-14 16:59:53.3943027 +0800 CST Write Department PVG T2 LOAD success.
2016-03-14 16:59:53.3943027 +0800 CST WriteAllMessage Success.
2016-03-14 17:00:53.4147356 +0800 CST Write Department PVG T1 LOAD success.
2016-03-14 17:00:53.4147356 +0800 CST Write Department ÿÿÿÿ…¬å¸ success.
2016-03-14 17:00:53.4147356 +0800 CST Write Department PVG T2 LOAD success.
2016-03-14 17:00:53.4157357 +0800 CST WriteAllMessage Success.
2016-03-14 17:01:53.4351686 +0800 CST Write Department PVG T1 LOAD success.
2016-03-14 17:01:53.4351686 +0800 CST Write Department ÿÿÿÿ…¬å¸ success.
2016-03-14 17:01:53.4361687 +0800 CST Write Department PVG T2 LOAD success.
2016-03-14 17:01:53.4361687 +0800 CST WriteAllMessage Success.
2016-03-14 17:02:53.4516014 +0800 CST Write Department PVG T1 LOAD success.
2016-03-14 17:02:53.4516014 +0800 CST Write Department ÿÿÿÿ…¬å¸ success.
2016-03-14 17:02:53.4526014 +0800 CST Write Department PVG T2 LOAD success.
2016-03-14 17:02:53.4526014 +0800 CST WriteAllMessage Success.
2016-03-14 17:03:53.4710343 +0800 CST Write Department PVG T1 LOAD success.
2016-03-14 17:03:53.4710343 +0800 CST Write Department ÿÿÿÿ…¬å¸ success.
2016-03-14 17:03:53.4720343 +0800 CST Write Department PVG T2 LOAD success.
2016-03-14 17:03:53.4720343 +0800 CST WriteAllMessage Success.
2016-03-14 17:04:53.4854669 +0800 CST Write Department PVG T1 LOAD success.
2016-03-14 17:04:53.486467 +0800 CST Write Department ÿÿÿÿ…¬å¸ success.
2016-03-14 17:04:53.486467 +0800 CST Write Department PVG T2 LOAD success.
2016-03-14 17:04:53.487467 +0800 CST WriteAllMessage Success.
2016-03-14 17:05:53.5058999 +0800 CST Write Department PVG T1 LOAD success.
2016-03-14 17:05:53.5058999 +0800 CST Write Department ÿÿÿÿ…¬å¸ success.
2016-03-14 17:05:53.5068999 +0800 CST Write Department PVG T2 LOAD success.
2016-03-14 17:05:53.5068999 +0800 CST WriteAllMessage Success.
2016-03-14 17:06:53.5213326 +0800 CST Write Department PVG T1 LOAD success.
2016-03-14 17:06:53.5223326 +0800 CST Write Department ÿÿÿÿ…¬å¸ success.
2016-03-14 17:06:53.5223326 +0800 CST Write Department PVG T2 LOAD success.
2016-03-14 17:06:53.5233327 +0800 CST WriteAllMessage Success.
2016-03-14 17:07:53.5407655 +0800 CST Write Department PVG T1 LOAD success.
2016-03-14 17:07:53.5407655 +0800 CST Write Department ÿÿÿÿ…¬å¸ success.
2016-03-14 17:07:53.5407655 +0800 CST Write Department PVG T2 LOAD success.
2016-03-14 17:07:53.5417655 +0800 CST WriteAllMessage Success.
2016-03-14 17:08:53.5591983 +0800 CST Write Department PVG T1 LOAD success.
2016-03-14 17:08:53.5601984 +0800 CST Write Department ÿÿÿÿ…¬å¸ success.
2016-03-14 17:08:53.5601984 +0800 CST Write Department PVG T2 LOAD success.
2016-03-14 17:08:53.5611984 +0800 CST WriteAllMessage Success.
2016-03-14 17:09:53.5756311 +0800 CST Write Department PVG T1 LOAD success.
2016-03-14 17:09:53.5756311 +0800 CST Write Department ÿÿÿÿ…¬å¸ success.
2016-03-14 17:09:53.5756311 +0800 CST Write Department PVG T2 LOAD success.
2016-03-14 17:09:53.5766311 +0800 CST WriteAllMessage Success.
2016-03-14 17:10:53.5920638 +0800 CST Write Department PVG T1 LOAD success.
2016-03-14 17:10:53.5920638 +0800 CST Write Department ÿÿÿÿ…¬å¸ success.
2016-03-14 17:10:53.5930639 +0800 CST Write Department PVG T2 LOAD success.
2016-03-14 17:10:53.5930639 +0800 CST WriteAllMessage Success.
2016-03-14 17:11:53.6294978 +0800 CST Write Department PVG T1 LOAD success.
2016-03-14 17:11:53.6294978 +0800 CST Write Department ÿÿÿÿ…¬å¸ success.
2016-03-14 17:11:53.6304978 +0800 CST Write Department PVG T2 LOAD success.
2016-03-14 17:11:53.6304978 +0800 CST WriteAllMessage Success.
2016-03-14 17:12:53.6649316 +0800 CST Write Department PVG T1 LOAD success.
2016-03-14 17:12:53.6649316 +0800 CST Write Department ÿÿÿÿ…¬å¸ success.
2016-03-14 17:12:53.6659316 +0800 CST Write Department PVG T2 LOAD success.
2016-03-14 17:12:53.6659316 +0800 CST WriteAllMessage Success.
2016-03-14 17:13:53.692365 +0800 CST Write Department PVG T1 LOAD success.
2016-03-14 17:13:53.692365 +0800 CST Write Department ÿÿÿÿ…¬å¸ success.
2016-03-14 17:13:53.692365 +0800 CST Write Department PVG T2 LOAD success.
2016-03-14 17:13:53.693365 +0800 CST WriteAllMessage Success.
2016-03-14 17:14:53.7057975 +0800 CST Write Department PVG T1 LOAD success.
2016-03-14 17:14:53.7067976 +0800 CST Write Department ÿÿÿÿ…¬å¸ success.
2016-03-14 17:14:53.7067976 +0800 CST Write Department PVG T2 LOAD success.
2016-03-14 17:14:53.7077976 +0800 CST WriteAllMessage Success.
2016-03-14 17:15:53.7252304 +0800 CST Write Department PVG T1 LOAD success.
2016-03-14 17:15:53.7252304 +0800 CST Write Department ÿÿÿÿ…¬å¸ success.
2016-03-14 17:15:53.7252304 +0800 CST Write Department PVG T2 LOAD success.
2016-03-14 17:15:53.7262305 +0800 CST WriteAllMessage Success.
2016-03-14 17:16:53.7656646 +0800 CST Write Department PVG T1 LOAD success.
2016-03-14 17:16:53.7666646 +0800 CST Write Department ÿÿÿÿ…¬å¸ success.
2016-03-14 17:16:53.7666646 +0800 CST Write Department PVG T2 LOAD success.
2016-03-14 17:16:53.7676647 +0800 CST WriteAllMessage Success.
2016-03-14 17:17:53.8901035 +0800 CST Write Department PVG T1 LOAD success.
2016-03-14 17:17:53.8911035 +0800 CST Write Department ÿÿÿÿ…¬å¸ success.
2016-03-14 17:17:53.8911035 +0800 CST Write Department PVG T2 LOAD success.
2016-03-14 17:17:53.8921036 +0800 CST WriteAllMessage Success.
2016-03-14 17:18:53.9125366 +0800 CST Write Department PVG T1 LOAD success.
2016-03-14 17:18:53.9135366 +0800 CST Write Department ÿÿÿÿ…¬å¸ success.
2016-03-14 17:18:53.9135366 +0800 CST Write Department PVG T2 LOAD success.
2016-03-14 17:18:53.9145367 +0800 CST WriteAllMessage Success.
2016-03-14 17:19:53.9329695 +0800 CST Write Department PVG T1 LOAD success.
2016-03-14 17:19:53.9339696 +0800 CST Write Department ÿÿÿÿ…¬å¸ success.
2016-03-14 17:19:53.9339696 +0800 CST Write Department PVG T2 LOAD success.
2016-03-14 17:19:53.9349697 +0800 CST WriteAllMessage Success.
2016-03-14 17:20:53.9514024 +0800 CST Write Department PVG T1 LOAD success.
2016-03-14 17:20:53.9524025 +0800 CST Write Department ÿÿÿÿ…¬å¸ success.
2016-03-14 17:20:53.9524025 +0800 CST Write Department PVG T2 LOAD success.
2016-03-14 17:20:53.9524025 +0800 CST WriteAllMessage Success.
2016-03-14 17:21:54.0988426 +0800 CST Write Department PVG T1 LOAD success.
2016-03-14 17:21:54.0988426 +0800 CST Write Department ÿÿÿÿ…¬å¸ success.
2016-03-14 17:21:54.0998427 +0800 CST Write Department PVG T2 LOAD success.
2016-03-14 17:21:54.0998427 +0800 CST WriteAllMessage Success.
2016-03-14 17:22:54.1132753 +0800 CST Write Department PVG T1 LOAD success.
2016-03-14 17:22:54.1142753 +0800 CST Write Department ÿÿÿÿ…¬å¸ success.
2016-03-14 17:22:54.1142753 +0800 CST Write Department PVG T2 LOAD success.
2016-03-14 17:22:54.1142753 +0800 CST WriteAllMessage Success.
2016-03-14 17:23:54.128708 +0800 CST Write Department PVG T1 LOAD success.
2016-03-14 17:23:54.129708 +0800 CST Write Department ÿÿÿÿ…¬å¸ success.
2016-03-14 17:23:54.129708 +0800 CST Write Department PVG T2 LOAD success.
2016-03-14 17:23:54.1307081 +0800 CST WriteAllMessage Success.
2016-03-14 17:24:54.1691421 +0800 CST Write Department PVG T1 LOAD success.
2016-03-14 17:24:54.1701421 +0800 CST Write Department ÿÿÿÿ…¬å¸ success.
2016-03-14 17:24:54.1701421 +0800 CST Write Department PVG T2 LOAD success.
2016-03-14 17:24:54.1711422 +0800 CST WriteAllMessage Success.
2016-03-14 17:25:54.1865749 +0800 CST Write Department PVG T1 LOAD success.
2016-03-14 17:25:54.1865749 +0800 CST Write Department ÿÿÿÿ…¬å¸ success.
2016-03-14 17:25:54.1875749 +0800 CST Write Department PVG T2 LOAD success.
2016-03-14 17:25:54.1875749 +0800 CST WriteAllMessage Success.
2016-03-14 17:26:54.2010075 +0800 CST Write Department PVG T1 LOAD success.
2016-03-14 17:26:54.2010075 +0800 CST Write Department ÿÿÿÿ…¬å¸ success.
2016-03-14 17:26:54.2020076 +0800 CST Write Department PVG T2 LOAD success.
2016-03-14 17:26:54.2020076 +0800 CST WriteAllMessage Success.
2016-03-14 17:27:54.231441 +0800 CST Write Department PVG T1 LOAD success.
2016-03-14 17:27:54.2324411 +0800 CST Write Department ÿÿÿÿ…¬å¸ success.
2016-03-14 17:27:54.2324411 +0800 CST Write Department PVG T2 LOAD success.
2016-03-14 17:27:54.2334412 +0800 CST WriteAllMessage Success.
2016-03-14 17:28:54.2468737 +0800 CST Write Department PVG T1 LOAD success.
2016-03-14 17:28:54.2468737 +0800 CST Write Department ÿÿÿÿ…¬å¸ success.
2016-03-14 17:28:54.2478738 +0800 CST Write Department PVG T2 LOAD success.
2016-03-14 17:28:54.2478738 +0800 CST WriteAllMessage Success.
2016-03-14 17:29:54.2633065 +0800 CST Write Department PVG T1 LOAD success.
2016-03-14 17:29:54.2643065 +0800 CST Write Department ÿÿÿÿ…¬å¸ success.
2016-03-14 17:29:54.2643065 +0800 CST Write Department PVG T2 LOAD success.
2016-03-14 17:29:54.2653066 +0800 CST WriteAllMessage Success.
2016-03-14 17:30:54.2857396 +0800 CST Write Department PVG T1 LOAD success.
2016-03-14 17:30:54.2867396 +0800 CST Write Department ÿÿÿÿ…¬å¸ success.
2016-03-14 17:30:54.2867396 +0800 CST Write Department PVG T2 LOAD success.
2016-03-14 17:30:54.2877397 +0800 CST WriteAllMessage Success.
2016-03-14 17:31:54.3021723 +0800 CST Write Department PVG T1 LOAD success.
2016-03-14 17:31:54.3021723 +0800 CST Write Department ÿÿÿÿ…¬å¸ success.
2016-03-14 17:31:54.3031724 +0800 CST Write Department PVG T2 LOAD success.
2016-03-14 17:31:54.3031724 +0800 CST WriteAllMessage Success.
2016-03-14 17:32:54.3196051 +0800 CST Write Department PVG T1 LOAD success.
2016-03-14 17:32:54.3196051 +0800 CST Write Department ÿÿÿÿ…¬å¸ success.
2016-03-14 17:32:54.3196051 +0800 CST Write Department PVG T2 LOAD success.
2016-03-14 17:32:54.3206052 +0800 CST WriteAllMessage Success.
2016-03-14 17:33:54.3460384 +0800 CST Write Department PVG T1 LOAD success.
2016-03-14 17:33:54.3470385 +0800 CST Write Department ÿÿÿÿ…¬å¸ success.
2016-03-14 17:33:54.3470385 +0800 CST Write Department PVG T2 LOAD success.
2016-03-14 17:33:54.3480385 +0800 CST WriteAllMessage Success.
2016-03-14 17:34:54.3934729 +0800 CST Write Department PVG T1 LOAD success.
2016-03-14 17:34:54.3934729 +0800 CST Write Department ÿÿÿÿ…¬å¸ success.
2016-03-14 17:34:54.394473 +0800 CST Write Department PVG T2 LOAD success.
2016-03-14 17:34:54.394473 +0800 CST WriteAllMessage Success.
2016-03-14 17:35:54.4119058 +0800 CST Write Department PVG T1 LOAD success.
2016-03-14 17:35:54.4129059 +0800 CST Write Department ÿÿÿÿ…¬å¸ success.
2016-03-14 17:35:54.4129059 +0800 CST Write Department PVG T2 LOAD success.
2016-03-14 17:35:54.4129059 +0800 CST WriteAllMessage Success.
2016-03-14 17:36:54.4283385 +0800 CST Write Department PVG T1 LOAD success.
2016-03-14 17:36:54.4283385 +0800 CST Write Department ÿÿÿÿ…¬å¸ success.
2016-03-14 17:36:54.4283385 +0800 CST Write Department PVG T2 LOAD success.
2016-03-14 17:36:54.4293386 +0800 CST WriteAllMessage Success.
2016-03-14 17:37:54.4437712 +0800 CST Write Department PVG T1 LOAD success.
2016-03-14 17:37:54.4437712 +0800 CST Write Department ÿÿÿÿ…¬å¸ success.
2016-03-14 17:37:54.4447713 +0800 CST Write Department PVG T2 LOAD success.
2016-03-14 17:37:54.4447713 +0800 CST WriteAllMessage Success.
2016-03-14 17:38:54.4592039 +0800 CST Write Department æ€»å…¬å¸ success.
2016-03-14 17:38:54.460204 +0800 CST Write Department ÿÿÿÿ…¬å¸ success.
2016-03-14 17:38:54.460204 +0800 CST Write Department PVG T2 LOAD success.
2016-03-14 17:38:54.461204 +0800 CST WriteAllMessage Success.
2016-03-14 17:39:54.4776368 +0800 CST Write Department æ€»å…¬å¸ success.
2016-03-14 17:39:54.4786368 +0800 CST Write Department ÿÿÿÿ…¬å¸ success.
2016-03-14 17:39:54.4786368 +0800 CST Write Department PVG T2 LOAD success.
2016-03-14 17:39:54.4796369 +0800 CST WriteAllMessage Success.
2016-03-14 17:40:54.5070703 +0800 CST Write Department æ€»å…¬å¸ success.
2016-03-14 17:40:54.5080703 +0800 CST Write Department ÿÿÿÿ…¬å¸ success.
2016-03-14 17:40:54.5080703 +0800 CST Write Department PVG T2 LOAD success.
2016-03-14 17:40:54.5090704 +0800 CST WriteAllMessage Success.
2016-03-14 17:41:54.5275032 +0800 CST Write Department æ€»å…¬å¸ success.
2016-03-14 17:41:54.5275032 +0800 CST Write Department ÿÿÿÿ…¬å¸ success.
2016-03-14 17:41:54.5285033 +0800 CST Write Department PVG T2 LOAD success.
2016-03-14 17:41:54.5285033 +0800 CST WriteAllMessage Success.
2016-03-14 17:42:54.5419359 +0800 CST Write Department æ€»å…¬å¸ success.
2016-03-14 17:42:54.5429359 +0800 CST Write Department ÿÿÿÿ…¬å¸ success.
2016-03-14 17:42:54.5429359 +0800 CST Write Department PVG T2 LOAD success.
2016-03-14 17:42:54.543936 +0800 CST WriteAllMessage Success.
2016-03-14 17:43:55.7424363 +0800 CST Write Department PVG T1 LOAD success.
2016-03-14 17:43:55.7434364 +0800 CST Write Department ÿÿÿÿ…¬å¸ success.
2016-03-14 17:43:55.7434364 +0800 CST Write Department PVG T2 LOAD success.
2016-03-14 17:43:55.7454365 +0800 CST WriteAllMessage Success.
2016-03-14 17:44:55.7678696 +0800 CST Write Department PVG T1 LOAD success.
2016-03-14 17:44:55.7688696 +0800 CST Write Department ÿÿÿÿ…¬å¸ success.
2016-03-14 17:44:55.7688696 +0800 CST Write Department PVG T2 LOAD success.
2016-03-14 17:44:55.7698697 +0800 CST WriteAllMessage Success.
2016-03-14 17:45:55.7863024 +0800 CST Write Department PVG T1 LOAD success.
2016-03-14 17:45:55.7863024 +0800 CST Write Department ÿÿÿÿ…¬å¸ success.
2016-03-14 17:45:55.7873025 +0800 CST Write Department PVG T2 LOAD success.
2016-03-14 17:45:55.7873025 +0800 CST WriteAllMessage Success.
2016-03-14 17:46:55.8027352 +0800 CST Write Department PVG T1 LOAD success.
2016-03-14 17:46:55.8027352 +0800 CST Write Department ÿÿÿÿ…¬å¸ success.
2016-03-14 17:46:55.8037352 +0800 CST Write Department PVG T2 LOAD success.
2016-03-14 17:46:55.8037352 +0800 CST WriteAllMessage Success.
2016-03-14 17:47:55.8181679 +0800 CST Write Department PVG T1 LOAD success.
2016-03-14 17:47:55.8181679 +0800 CST Write Department ÿÿÿÿ…¬å¸ success.
2016-03-14 17:47:55.8191679 +0800 CST Write Department PVG T2 LOAD success.
2016-03-14 17:47:55.8191679 +0800 CST WriteAllMessage Success.
2016-03-14 17:48:43.8189134 +0800 CST Write Department PVG T1 LOAD success.
2016-03-14 17:48:43.8189134 +0800 CST Write Department ÿÿÿÿ…¬å¸ success.
2016-03-14 17:48:43.8199134 +0800 CST Write Department PVG T2 LOAD success.
2016-03-14 17:48:43.8199134 +0800 CST WriteAllMessage Success.
2016-03-14 17:49:43.834346 +0800 CST Write Department PVG T1 LOAD success.
2016-03-14 17:49:43.8353461 +0800 CST Write Department ÿÿÿÿ…¬å¸ success.
2016-03-14 17:49:43.8353461 +0800 CST Write Department PVG T2 LOAD success.
2016-03-14 17:49:43.8363462 +0800 CST WriteAllMessage Success.
2016-03-14 17:50:43.8497787 +0800 CST Write Department PVG T1 LOAD success.
2016-03-14 17:50:43.8497787 +0800 CST Write Department ÿÿÿÿ…¬å¸ success.
2016-03-14 17:50:43.8497787 +0800 CST Write Department PVG T2 LOAD success.
2016-03-14 17:50:43.8507788 +0800 CST WriteAllMessage Success.
2016-03-14 17:51:43.8642114 +0800 CST Write Department PVG T1 LOAD success.
2016-03-14 17:51:43.8642114 +0800 CST Write Department ÿÿÿÿ…¬å¸ success.
2016-03-14 17:51:43.8652114 +0800 CST Write Department PVG T2 LOAD success.
2016-03-14 17:51:43.8652114 +0800 CST WriteAllMessage Success.
2016-03-14 17:52:09.6246848 +0800 CST Write Department PVG T1 LOAD success.
2016-03-14 17:52:09.6256848 +0800 CST Write Department ÿÿÿÿ…¬å¸ success.
2016-03-14 17:52:09.6256848 +0800 CST Write Department PVG T2 LOAD success.
2016-03-14 17:52:09.6266849 +0800 CST WriteAllMessage Success.
2016-03-14 17:52:43.1176005 +0800 CST Write Department PVG T1 LOAD success.
2016-03-14 17:52:43.1186005 +0800 CST Write Department ÿÿÿÿ…¬å¸ success.
2016-03-14 17:52:43.1186005 +0800 CST Write Department PVG T2 LOAD success.
2016-03-14 17:52:43.1186005 +0800 CST WriteAllMessage Success.
2016-03-14 17:53:43.1330332 +0800 CST Write Department PVG T1 LOAD success.
2016-03-14 17:53:43.1340332 +0800 CST Write Department ÿÿÿÿ…¬å¸ success.
2016-03-14 17:53:43.1340332 +0800 CST Write Department PVG T2 LOAD success.
2016-03-14 17:53:43.1350333 +0800 CST WriteAllMessage Success.
2016-03-14 17:54:43.1484658 +0800 CST Write Department PVG T1 LOAD success.
2016-03-14 17:54:43.1494659 +0800 CST Write Department ÿÿÿÿ…¬å¸ success.
2016-03-14 17:54:43.1494659 +0800 CST Write Department PVG T2 LOAD success.
2016-03-14 17:54:43.150466 +0800 CST WriteAllMessage Success.
2016-03-14 17:55:04.1366663 +0800 CST Write Department PVG T1 LOAD success.
2016-03-14 17:55:04.1366663 +0800 CST Write Department ÿÿÿÿ…¬å¸ success.
2016-03-14 17:55:04.1376664 +0800 CST WriteAllMessage Success.
2016-03-14 17:56:04.1610995 +0800 CST Write Department æ€»å…¬å¸ success.
2016-03-14 17:56:04.1610995 +0800 CST Write Department ÿÿÿÿ…¬å¸ success.
2016-03-14 17:56:04.1620996 +0800 CST WriteAllMessage Success.
2016-03-14 17:56:35.4458889 +0800 CST Write Department PVG T1 LOAD success.
2016-03-14 17:56:35.4458889 +0800 CST Write Department ÿÿÿÿ…¬å¸ success.
2016-03-14 17:56:35.4468889 +0800 CST WriteAllMessage Success.
2016-03-14 17:57:23.0656126 +0800 CST Write Department PVG T1 LOAD success.
2016-03-14 17:57:23.0666126 +0800 CST Write Department ÿÿÿÿ…¬å¸ success.
2016-03-14 17:57:23.0666126 +0800 CST WriteAllMessage Success.
2016-03-14 17:58:50.0235863 +0800 CST Write Department PVG T1 LOAD success.
2016-03-14 17:58:50.0235863 +0800 CST Write Department ÿÿÿÿ…¬å¸ success.
2016-03-14 17:58:50.0245863 +0800 CST Write Department PVG T2 LOAD success.
2016-03-14 17:58:50.0245863 +0800 CST WriteAllMessage Success.
2016-03-14 18:00:11.0582212 +0800 CST Write Department PVG T1 LOAD success.
2016-03-14 18:00:11.0582212 +0800 CST Write Department ÿÿÿÿ…¬å¸ success.
2016-03-14 18:00:11.0582212 +0800 CST Write Department PVG T2 LOAD success.
2016-03-14 18:00:11.0592213 +0800 CST WriteAllMessage Success.
2016-03-14 18:01:11.0736539 +0800 CST Write Department PVG T1 LOAD success.
2016-03-14 18:01:11.0736539 +0800 CST Write Department ÿÿÿÿ…¬å¸ success.
2016-03-14 18:01:11.0746539 +0800 CST Write Department PVG T2 LOAD success.
2016-03-14 18:01:11.0746539 +0800 CST WriteAllMessage Success.
2016-03-14 18:02:11.0920867 +0800 CST Write Department PVG T1 LOAD success.
2016-03-14 18:02:11.0920867 +0800 CST Write Department ÿÿÿÿ…¬å¸ success.
2016-03-14 18:02:11.0930868 +0800 CST Write Department PVG T2 LOAD success.
2016-03-14 18:02:11.0930868 +0800 CST WriteAllMessage Success.
2016-03-14 18:03:11.1565222 +0800 CST Write Department PVG T1 LOAD success.
2016-03-14 18:03:11.1575223 +0800 CST Write Department ÿÿÿÿ…¬å¸ success.
2016-03-14 18:03:11.1575223 +0800 CST Write Department PVG T2 LOAD success.
2016-03-14 18:03:11.1585224 +0800 CST WriteAllMessage Success.
2016-03-14 18:04:10.0168889 +0800 CST Write Department PVG T1 LOAD success.
2016-03-14 18:04:10.0178889 +0800 CST Write Department ÿÿÿÿ…¬å¸ success.
2016-03-14 18:04:10.0178889 +0800 CST Write Department PVG T2 LOAD success.
2016-03-14 18:04:10.018889 +0800 CST WriteAllMessage Success.
2016-03-14 18:05:10.0323215 +0800 CST Write Department PVG T1 LOAD success.
2016-03-14 18:05:10.0333216 +0800 CST Write Department ÿÿÿÿ…¬å¸ success.
2016-03-14 18:05:10.0333216 +0800 CST Write Department PVG T2 LOAD success.
2016-03-14 18:05:10.0343217 +0800 CST WriteAllMessage Success.
2016-03-14 18:06:10.0487543 +0800 CST Write Department PVG T1 LOAD success.
2016-03-14 18:06:10.0487543 +0800 CST Write Department ÿÿÿÿ…¬å¸ success.
2016-03-14 18:06:10.0497543 +0800 CST Write Department PVG T2 LOAD success.
2016-03-14 18:06:10.0497543 +0800 CST WriteAllMessage Success.
2016-03-14 18:06:14.4830079 +0800 CST Write Department PVG T1 LOAD success.
2016-03-14 18:06:14.484008 +0800 CST Write Department ÿÿÿÿ…¬å¸ success.
2016-03-14 18:06:14.484008 +0800 CST Write Department PVG T2 LOAD success.
2016-03-14 18:06:14.485008 +0800 CST WriteAllMessage Success.
2016-03-14 18:06:59.6835932 +0800 CST Write Department PVG T1 LOAD success.
2016-03-14 18:06:59.6835932 +0800 CST Write Department ÿÿÿÿ…¬å¸ success.
2016-03-14 18:06:59.6835932 +0800 CST Write Department PVG T2 LOAD success.
2016-03-14 18:06:59.6845933 +0800 CST WriteAllMessage Success.
2016-03-14 18:07:59.700026 +0800 CST Write Department PVG T1 LOAD success.
2016-03-14 18:07:59.700026 +0800 CST Write Department ÿÿÿÿ…¬å¸ success.
2016-03-14 18:07:59.701026 +0800 CST Write Department PVG T2 LOAD success.
2016-03-14 18:07:59.701026 +0800 CST WriteAllMessage Success.
2016-03-14 18:08:59.73846 +0800 CST Write Department PVG T1 LOAD success.
2016-03-14 18:08:59.73946 +0800 CST Write Department ÿÿÿÿ…¬å¸ success.
2016-03-14 18:08:59.73946 +0800 CST Write Department PVG T2 LOAD success.
2016-03-14 18:08:59.7404601 +0800 CST WriteAllMessage Success.
2016-03-14 18:09:59.7578929 +0800 CST Write Department PVG T1 LOAD success.
2016-03-14 18:09:59.7578929 +0800 CST Write Department ÿÿÿÿ…¬å¸ success.
2016-03-14 18:09:59.758893 +0800 CST Write Department PVG T2 LOAD success.
2016-03-14 18:09:59.758893 +0800 CST WriteAllMessage Success.
2016-03-14 18:10:59.7743256 +0800 CST Write Department PVG T1 LOAD success.
2016-03-14 18:10:59.7753257 +0800 CST Write Department ÿÿÿÿ…¬å¸ success.
2016-03-14 18:10:59.7763258 +0800 CST Write Department PVG T2 LOAD success.
2016-03-14 18:10:59.7763258 +0800 CST WriteAllMessage Success.
2016-03-14 18:11:07.0407413 +0800 CST Write Department PVG T1 LOAD success.
2016-03-14 18:11:07.0417413 +0800 CST Write Department ÿÿÿÿ…¬å¸ success.
2016-03-14 18:11:07.0417413 +0800 CST Write Department PVG T2 LOAD success.
2016-03-14 18:11:07.0427414 +0800 CST WriteAllMessage Success.
2016-03-14 18:12:07.0581741 +0800 CST Write Department PVG T1 LOAD success.
2016-03-14 18:12:07.0591741 +0800 CST Write Department ÿÿÿÿ…¬å¸ success.
2016-03-14 18:12:07.0591741 +0800 CST Write Department PVG T2 LOAD success.
2016-03-14 18:12:07.0601742 +0800 CST WriteAllMessage Success.
2016-03-14 18:13:39.1714426 +0800 CST Write Department PVG T1 LOAD success.
2016-03-14 18:13:39.1724427 +0800 CST Write Department ÿÿÿÿ…¬å¸ success.
2016-03-14 18:13:39.1724427 +0800 CST Write Department PVG T2 LOAD success.
2016-03-14 18:13:39.1724427 +0800 CST WriteAllMessage Success.
2016-03-14 18:14:35.24665 +0800 CST Write Department PVG T1 LOAD success.
2016-03-14 18:14:35.24765 +0800 CST Write Department ÿÿÿÿ…¬å¸ success.
2016-03-14 18:14:35.24765 +0800 CST Write Department PVG T2 LOAD success.
2016-03-14 18:14:35.2486501 +0800 CST WriteAllMessage Success.
2016-03-14 18:15:35.2670829 +0800 CST Write Department PVG T1 LOAD success.
2016-03-14 18:15:35.268083 +0800 CST Write Department ÿÿÿÿ…¬å¸ success.
2016-03-14 18:15:35.268083 +0800 CST Write Department PVG T2 LOAD success.
2016-03-14 18:15:35.269083 +0800 CST WriteAllMessage Success.
2016-03-14 18:16:35.2845157 +0800 CST Write Department PVG T1 LOAD success.
2016-03-14 18:16:35.2855158 +0800 CST Write Department ÿÿÿÿ…¬å¸ success.
2016-03-14 18:16:35.2855158 +0800 CST Write Department PVG T2 LOAD success.
2016-03-14 18:16:35.2865158 +0800 CST WriteAllMessage Success.
2016-03-14 18:17:38.3191211 +0800 CST Write Department PVG T1 LOAD success.
2016-03-14 18:17:38.3201212 +0800 CST Write Department ÿÿÿÿ…¬å¸ success.
2016-03-14 18:17:38.3201212 +0800 CST Write Department PVG T2 LOAD success.
2016-03-14 18:17:38.3211212 +0800 CST WriteAllMessage Success.
2016-03-14 18:18:38.3345538 +0800 CST Write Department PVG T1 LOAD success.
2016-03-14 18:18:38.3345538 +0800 CST Write Department ÿÿÿÿ…¬å¸ success.
2016-03-14 18:18:38.3355538 +0800 CST Write Department PVG T2 LOAD success.
2016-03-14 18:18:38.3355538 +0800 CST WriteAllMessage Success.
2016-03-14 18:19:38.3499865 +0800 CST Write Department PVG T1 LOAD success.
2016-03-14 18:19:38.3499865 +0800 CST Write Department ÿÿÿÿ…¬å¸ success.
2016-03-14 18:19:38.3509865 +0800 CST Write Department PVG T2 LOAD success.
2016-03-14 18:19:38.3509865 +0800 CST WriteAllMessage Success.
2016-03-14 18:20:38.3644191 +0800 CST Write Department PVG T1 LOAD success.
2016-03-14 18:20:38.3644191 +0800 CST Write Department ÿÿÿÿ…¬å¸ success.
2016-03-14 18:20:38.3654192 +0800 CST Write Department PVG T2 LOAD success.
2016-03-14 18:20:38.3654192 +0800 CST WriteAllMessage Success.
2016-03-14 18:21:38.3788517 +0800 CST Write Department PVG T1 LOAD success.
2016-03-14 18:21:38.3788517 +0800 CST Write Department ÿÿÿÿ…¬å¸ success.
2016-03-14 18:21:38.3798518 +0800 CST Write Department PVG T2 LOAD success.
2016-03-14 18:21:38.3798518 +0800 CST WriteAllMessage Success.
2016-03-14 18:22:38.4092853 +0800 CST Write Department PVG T1 LOAD success.
2016-03-14 18:22:38.4102853 +0800 CST Write Department ÿÿÿÿ…¬å¸ success.
2016-03-14 18:22:38.4102853 +0800 CST Write Department PVG T2 LOAD success.
2016-03-14 18:22:38.4102853 +0800 CST WriteAllMessage Success.
2016-03-14 18:23:38.4237179 +0800 CST Write Department PVG T1 LOAD success.
2016-03-14 18:23:38.4237179 +0800 CST Write Department ÿÿÿÿ…¬å¸ success.
2016-03-14 18:23:38.424718 +0800 CST Write Department PVG T2 LOAD success.
2016-03-14 18:23:38.424718 +0800 CST WriteAllMessage Success.
2016-03-14 18:24:27.553528 +0800 CST Write Department PVG T1 LOAD success.
2016-03-14 18:24:27.553528 +0800 CST Write Department ÿÿÿÿ…¬å¸ success.
2016-03-14 18:24:27.554528 +0800 CST Write Department PVG T2 LOAD success.
2016-03-14 18:24:27.554528 +0800 CST WriteAllMessage Success.
2016-03-14 18:25:27.5899619 +0800 CST Write Department PVG T1 LOAD success.
2016-03-14 18:25:27.5899619 +0800 CST Write Department ÿÿÿÿ…¬å¸ success.
2016-03-14 18:25:27.5909619 +0800 CST Write Department PVG T2 LOAD success.
2016-03-14 18:25:27.591962 +0800 CST WriteAllMessage Success.
2016-03-14 18:26:27.6503971 +0800 CST Write Department PVG T1 LOAD success.
2016-03-14 18:26:27.6513972 +0800 CST Write Department ÿÿÿÿ…¬å¸ success.
2016-03-14 18:26:27.6523972 +0800 CST Write Department PVG T2 LOAD success.
2016-03-14 18:26:27.6533973 +0800 CST WriteAllMessage Success.
2016-03-14 18:27:27.6668299 +0800 CST Write Department PVG T1 LOAD success.
2016-03-14 18:27:27.6678299 +0800 CST Write Department ÿÿÿÿ…¬å¸ success.
2016-03-14 18:27:27.6678299 +0800 CST Write Department PVG T2 LOAD success.
2016-03-14 18:27:27.6678299 +0800 CST WriteAllMessage Success.
2016-03-14 18:29:27.6606931 +0800 CST WriteAllMessage Success.
2016-03-14 18:31:20.1901294 +0800 CST WriteAllMessage Success.
2016-03-14 18:33:16.1467618 +0800 CST WriteAllMessage Success.
2016-03-14 18:34:20.157423 +0800 CST WriteAllMessage Success.
2016-03-14 18:35:17.7887193 +0800 CST WriteAllMessage Success.
2016-03-14 18:36:17.8021519 +0800 CST WriteAllMessage Success.
2016-03-14 18:37:17.8195847 +0800 CST WriteAllMessage Success.
2016-03-14 18:38:17.8490182 +0800 CST WriteAllMessage Success.
2016-03-14 18:38:42.3974222 +0800 CST WriteAllMessage Success.
2016-03-14 18:39:42.413855 +0800 CST Write Department PVG T1 LOAD success.
2016-03-14 18:39:42.414855 +0800 CST WriteAllMessage Success.
2016-03-14 18:40:42.4292877 +0800 CST Write Department PVG T1 LOAD success.
2016-03-14 18:40:42.4292877 +0800 CST WriteAllMessage Success.
2016-03-14 18:41:42.4667216 +0800 CST Write Department PVG T1 LOAD success.
2016-03-14 18:41:42.4667216 +0800 CST WriteAllMessage Success.
2016-03-14 18:42:42.4851545 +0800 CST Write Department PVG T1 LOAD success.
2016-03-14 18:42:42.4851545 +0800 CST WriteAllMessage Success.
2016-03-14 18:43:45.4367551 +0800 CST Write Department PVG T1 LOAD success.
2016-03-14 18:43:45.4377552 +0800 CST WriteAllMessage Success.
2016-03-14 18:44:45.4521878 +0800 CST Write Department PVG T1 LOAD success.
2016-03-14 18:44:45.4521878 +0800 CST WriteAllMessage Success.
2016-03-14 18:45:45.4646203 +0800 CST Write Department PVG T1 LOAD success.
2016-03-14 18:45:45.4656204 +0800 CST WriteAllMessage Success.
2016-03-14 18:46:45.4820531 +0800 CST Write Department æ€»å…¬å¸ success.
2016-03-14 18:46:45.4820531 +0800 CST Write Department ÿÿÿÿ…¬å¸ success.
2016-03-14 18:46:45.4830532 +0800 CST WriteAllMessage Success.
2016-03-14 18:47:45.5044862 +0800 CST Write Department æ€»å…¬å¸ success.
2016-03-14 18:47:45.5044862 +0800 CST Write Department ÿÿÿÿ…¬å¸ success.
2016-03-14 18:47:45.5054862 +0800 CST WriteAllMessage Success.
2016-03-14 18:47:56.4061097 +0800 CST Write Department æ€»å…¬å¸ success.
2016-03-14 18:47:56.4061097 +0800 CST Write Department ÿÿÿÿ…¬å¸ success.
2016-03-14 18:47:56.4061097 +0800 CST WriteAllMessage Success.
2016-03-14 18:48:56.4215424 +0800 CST Write Department æ€»å…¬å¸ success.
2016-03-14 18:48:56.4215424 +0800 CST Write Department ÿÿÿÿ…¬å¸ success.
2016-03-14 18:48:56.4225425 +0800 CST WriteAllMessage Success.
2016-03-14 22:04:54.0360395 +0800 CST Write Department Company success.
2016-03-14 22:04:54.0360395 +0800 CST Write Department PVG T1 LOAD success.
2016-03-14 22:04:54.0370396 +0800 CST Write Department PVG T2 LOAD success.
2016-03-14 22:04:54.0370396 +0800 CST Write Day AllMessage Success.
2016-03-14 22:05:54.0514722 +0800 CST Write Department Company success.
2016-03-14 22:05:54.0524722 +0800 CST Write Department PVG T1 LOAD success.
2016-03-14 22:05:54.0524722 +0800 CST Write Department PVG T2 LOAD success.
2016-03-14 22:05:54.0534723 +0800 CST Write Day AllMessage Success.
2016-03-14 22:06:47.9755565 +0800 CST Write Department Company success.
2016-03-14 22:06:47.9755565 +0800 CST Write Department PVG T1 LOAD success.
2016-03-14 22:06:47.9765565 +0800 CST Write Department PVG T2 LOAD success.
2016-03-14 22:06:47.9765565 +0800 CST Write Day AllMessage Success.
2016-03-14 22:07:47.9919892 +0800 CST Write Department Company success.
2016-03-14 22:07:47.9919892 +0800 CST Write Department PVG T1 LOAD success.
2016-03-14 22:07:47.9919892 +0800 CST Write Department PVG T2 LOAD success.
2016-03-14 22:07:47.9929893 +0800 CST Write Day AllMessage Success.
2016-03-14 22:10:14.4563665 +0800 CST false
2016-03-14 22:11:58.0802934 +0800 CST false
2016-03-14 22:12:23.9637739 +0800 CST Write Department Company success.
2016-03-14 22:12:23.9637739 +0800 CST Write Department PVG T1 LOAD success.
2016-03-14 22:12:23.9647739 +0800 CST Write Department PVG T2 LOAD success.
2016-03-14 22:12:23.9647739 +0800 CST Write Day AllMessage Success.
2016-03-14 22:18:23.3803313 +0800 CST false
2016-03-14 22:18:23.4013325 +0800 CST Write Department Company success.
2016-03-14 22:18:23.4023326 +0800 CST Write Department PVG T1 LOAD success.
2016-03-14 22:18:23.4023326 +0800 CST Write Department PVG T2 LOAD success.
2016-03-14 22:18:23.4023326 +0800 CST Write Day AllMessage Success.
2016-03-14 22:23:06.0935016 +0800 CST Write Department Company success.
2016-03-14 22:23:06.0935016 +0800 CST Write Department PVG T1 LOAD success.
2016-03-14 22:23:06.0945017 +0800 CST Write Department PVG T2 LOAD success.
2016-03-14 22:23:06.0945017 +0800 CST Write Day AllMessage Success.
2016-03-14 22:26:16.2083756 +0800 CST Write Department Company success.
2016-03-14 22:26:16.2093756 +0800 CST Write Department PVG T1 LOAD success.
2016-03-14 22:26:16.2093756 +0800 CST Write Department PVG T2 LOAD success.
2016-03-14 22:26:16.2093756 +0800 CST Write Day AllMessage Success.
2016-03-14 22:28:27.3188747 +0800 CST Write Department Company success.
2016-03-14 22:28:27.3198747 +0800 CST Write Department PVG T1 LOAD success.
2016-03-14 22:28:27.3198747 +0800 CST Write Department PVG T2 LOAD success.
2016-03-14 22:28:27.3198747 +0800 CST Write Day AllMessage Success.
2016-03-14 22:28:58.7746738 +0800 CST Write Department Company success.
2016-03-14 22:28:58.7756739 +0800 CST Write Department PVG T1 LOAD success.
2016-03-14 22:28:58.7756739 +0800 CST Write Department PVG T2 LOAD success.
2016-03-14 22:28:58.777674 +0800 CST Write Day AllMessage Success.
2016-03-14 22:29:16.4486847 +0800 CST Write Department Company success.
2016-03-14 22:29:16.4496848 +0800 CST Write Department PVG T1 LOAD success.
2016-03-14 22:29:16.4496848 +0800 CST Write Department PVG T2 LOAD success.
2016-03-14 22:29:16.4506848 +0800 CST Write Day AllMessage Success.
